[2025-11-24 23:29:23] local.ERROR: The /Users/eticajans/Desktop/Etic Ajans/Projeler/Mobil Uygulama/Emlak Script/bootstrap/cache directory must be present and writable. {"exception":"[object] (Exception(code: 0): The /Users/eticajans/Desktop/Etic Ajans/Projeler/Mobil Uygulama/Emlak Script/bootstrap/cache directory must be present and writable. at /Users/eticajans/Desktop/Etic Ajans/Projeler/Mobil Uygulama/Emlak Script/vendor/laravel/framework/src/Illuminate/Foundation/PackageManifest.php:179)
[stacktrace]
#0 /Users/eticajans/Desktop/Etic Ajans/Projeler/Mobil Uygulama/Emlak Script/vendor/laravel/framework/src/Illuminate/Foundation/PackageManifest.php(132): Illuminate\\Foundation\\PackageManifest->write(Array)
#1 /Users/eticajans/Desktop/Etic Ajans/Projeler/Mobil Uygulama/Emlak Script/vendor/laravel/framework/src/Illuminate/Foundation/PackageManifest.php(108): Illuminate\\Foundation\\PackageManifest->build()
#2 /Users/eticajans/Desktop/Etic Ajans/Projeler/Mobil Uygulama/Emlak Script/vendor/laravel/framework/src/Illuminate/Foundation/PackageManifest.php(91): Illuminate\\Foundation\\PackageManifest->getManifest()
#3 /Users/eticajans/Desktop/Etic Ajans/Projeler/Mobil Uygulama/Emlak Script/vendor/laravel/framework/src/Illuminate/Foundation/PackageManifest.php(80): Illuminate\\Foundation\\PackageManifest->config('aliases')
#4 /Users/eticajans/Desktop/Etic Ajans/Projeler/Mobil Uygulama/Emlak Script/vendor/laravel/framework/src/Illuminate/Foundation/Bootstrap/RegisterFacades.php(26): Illuminate\\Foundation\\PackageManifest->aliases()
#5 /Users/eticajans/Desktop/Etic Ajans/Projeler/Mobil Uygulama/Emlak Script/vendor/laravel/framework/src/Illuminate/Foundation/Application.php(342): Illuminate\\Foundation\\Bootstrap\\RegisterFacades->bootstrap(Object(Illuminate\\Foundation\\Application))
#6 /Users/eticajans/Desktop/Etic Ajans/Projeler/Mobil Uygulama/Emlak Script/vendor/laravel/framework/src/Illuminate/Foundation/Console/Kernel.php(474): Illuminate\\Foundation\\Application->bootstrapWith(Array)
#7 /Users/eticajans/Desktop/Etic Ajans/Projeler/Mobil Uygulama/Emlak Script/vendor/laravel/framework/src/Illuminate/Foundation/Console/Kernel.php(196): Illuminate\\Foundation\\Console\\Kernel->bootstrap()
#8 /Users/eticajans/Desktop/Etic Ajans/Projeler/Mobil Uygulama/Emlak Script/artisan(14): Illuminate\\Foundation\\Console\\Kernel->handle(Object(Symfony\\Component\\Console\\Input\\ArgvInput), Object(Symfony\\Component\\Console\\Output\\ConsoleOutput))
#9 {main}
"} 
[2025-11-24 23:31:19] local.ERROR: Class "App\Http\Controllers\Controller" not found {"exception":"[object] (Error(code: 0): Class \"App\\Http\\Controllers\\Controller\" not found at /Users/eticajans/Desktop/Etic Ajans/Projeler/Mobil Uygulama/Emlak Script/app/Http/Controllers/Auth/AuthenticatedSessionController.php:11)
[stacktrace]
#0 /Users/eticajans/Desktop/Etic Ajans/Projeler/Mobil Uygulama/Emlak Script/vendor/composer/ClassLoader.php(576): include()
#1 /Users/eticajans/Desktop/Etic Ajans/Projeler/Mobil Uygulama/Emlak Script/vendor/composer/ClassLoader.php(427): {closure:Composer\\Autoload\\ClassLoader::initializeIncludeClosure():575}('/Users/eticajan...')
#2 [internal function]: Composer\\Autoload\\ClassLoader->loadClass('App\\\\Http\\\\Contro...')
#3 /Users/eticajans/Desktop/Etic Ajans/Projeler/Mobil Uygulama/Emlak Script/vendor/laravel/framework/src/Illuminate/Routing/Route.php(1117): is_a('App\\\\Http\\\\Contro...', 'Illuminate\\\\Rout...', true)
#4 /Users/eticajans/Desktop/Etic Ajans/Projeler/Mobil Uygulama/Emlak Script/vendor/laravel/framework/src/Illuminate/Routing/Route.php(1054): Illuminate\\Routing\\Route->controllerMiddleware()
#5 /Users/eticajans/Desktop/Etic Ajans/Projeler/Mobil Uygulama/Emlak Script/vendor/laravel/framework/src/Illuminate/Routing/Router.php(820): Illuminate\\Routing\\Route->gatherMiddleware()
#6 /Users/eticajans/Desktop/Etic Ajans/Projeler/Mobil Uygulama/Emlak Script/vendor/laravel/framework/src/Illuminate/Routing/Router.php(802): Illuminate\\Routing\\Router->gatherRouteMiddleware(Object(Illuminate\\Routing\\Route))
#7 /Users/eticajans/Desktop/Etic Ajans/Projeler/Mobil Uygulama/Emlak Script/vendor/laravel/framework/src/Illuminate/Routing/Router.php(786): Illuminate\\Routing\\Router->runRouteWithinStack(Object(Illuminate\\Routing\\Route), Object(Illuminate\\Http\\Request))
#8 /Users/eticajans/Desktop/Etic Ajans/Projeler/Mobil Uygulama/Emlak Script/vendor/laravel/framework/src/Illuminate/Routing/Router.php(750): Illuminate\\Routing\\Router->runRoute(Object(Illuminate\\Http\\Request), Object(Illuminate\\Routing\\Route))
#9 /Users/eticajans/Desktop/Etic Ajans/Projeler/Mobil Uygulama/Emlak Script/vendor/laravel/framework/src/Illuminate/Routing/Router.php(739): Illuminate\\Routing\\Router->dispatchToRoute(Object(Illuminate\\Http\\Request))
#10 /Users/eticajans/Desktop/Etic Ajans/Projeler/Mobil Uygulama/Emlak Script/vendor/laravel/framework/src/Illuminate/Foundation/Http/Kernel.php(201): Illuminate\\Routing\\Router->dispatch(Object(Illuminate\\Http\\Request))
#11 /Users/eticajans/Desktop/Etic Ajans/Projeler/Mobil Uygulama/Emlak Script/vendor/laravel/framework/src/Illuminate/Pipeline/Pipeline.php(170): Illuminate\\Foundation\\Http\\Kernel->{closure:Illuminate\\Foundation\\Http\\Kernel::dispatchToRouter():198}(Object(Illuminate\\Http\\Request))
#12 /Users/eticajans/Desktop/Etic Ajans/Projeler/Mobil Uygulama/Emlak Script/vendor/laravel/framework/src/Illuminate/Foundation/Http/Middleware/TransformsRequest.php(21): Illuminate\\Pipeline\\Pipeline->{closure:Illuminate\\Pipeline\\Pipeline::prepareDestination():168}(Object(Illuminate\\Http\\Request))
#13 /Users/eticajans/Desktop/Etic Ajans/Projeler/Mobil Uygulama/Emlak Script/vendor/laravel/framework/src/Illuminate/Foundation/Http/Middleware/ConvertEmptyStringsToNull.php(31): Illuminate\\Foundation\\Http\\Middleware\\TransformsRequest->handle(Object(Illuminate\\Http\\Request), Object(Closure))
#14 /Users/eticajans/Desktop/Etic Ajans/Projeler/Mobil Uygulama/Emlak Script/vendor/laravel/framework/src/Illuminate/Pipeline/Pipeline.php(209): Illuminate\\Foundation\\Http\\Middleware\\ConvertEmptyStringsToNull->handle(Object(Illuminate\\Http\\Request), Object(Closure))
#15 /Users/eticajans/Desktop/Etic Ajans/Projeler/Mobil Uygulama/Emlak Script/vendor/laravel/framework/src/Illuminate/Foundation/Http/Middleware/TransformsRequest.php(21): Illuminate\\Pipeline\\Pipeline->{closure:{closure:Illuminate\\Pipeline\\Pipeline::carry():184}:185}(Object(Illuminate\\Http\\Request))
#16 /Users/eticajans/Desktop/Etic Ajans/Projeler/Mobil Uygulama/Emlak Script/vendor/laravel/framework/src/Illuminate/Foundation/Http/Middleware/TrimStrings.php(51): Illuminate\\Foundation\\Http\\Middleware\\TransformsRequest->handle(Object(Illuminate\\Http\\Request), Object(Closure))
#17 /Users/eticajans/Desktop/Etic Ajans/Projeler/Mobil Uygulama/Emlak Script/vendor/laravel/framework/src/Illuminate/Pipeline/Pipeline.php(209): Illuminate\\Foundation\\Http\\Middleware\\TrimStrings->handle(Object(Illuminate\\Http\\Request), Object(Closure))
#18 /Users/eticajans/Desktop/Etic Ajans/Projeler/Mobil Uygulama/Emlak Script/vendor/laravel/framework/src/Illuminate/Http/Middleware/ValidatePostSize.php(27): Illuminate\\Pipeline\\Pipeline->{closure:{closure:Illuminate\\Pipeline\\Pipeline::carry():184}:185}(Object(Illuminate\\Http\\Request))
#19 /Users/eticajans/Desktop/Etic Ajans/Projeler/Mobil Uygulama/Emlak Script/vendor/laravel/framework/src/Illuminate/Pipeline/Pipeline.php(209): Illuminate\\Http\\Middleware\\ValidatePostSize->handle(Object(Illuminate\\Http\\Request), Object(Closure))
#20 /Users/eticajans/Desktop/Etic Ajans/Projeler/Mobil Uygulama/Emlak Script/vendor/laravel/framework/src/Illuminate/Foundation/Http/Middleware/PreventRequestsDuringMaintenance.php(110): Illuminate\\Pipeline\\Pipeline->{closure:{closure:Illuminate\\Pipeline\\Pipeline::carry():184}:185}(Object(Illuminate\\Http\\Request))
#21 /Users/eticajans/Desktop/Etic Ajans/Projeler/Mobil Uygulama/Emlak Script/vendor/laravel/framework/src/Illuminate/Pipeline/Pipeline.php(209): Illuminate\\Foundation\\Http\\Middleware\\PreventRequestsDuringMaintenance->handle(Object(Illuminate\\Http\\Request), Object(Closure))
#22 /Users/eticajans/Desktop/Etic Ajans/Projeler/Mobil Uygulama/Emlak Script/vendor/laravel/framework/src/Illuminate/Http/Middleware/HandleCors.php(49): Illuminate\\Pipeline\\Pipeline->{closure:{closure:Illuminate\\Pipeline\\Pipeline::carry():184}:185}(Object(Illuminate\\Http\\Request))
#23 /Users/eticajans/Desktop/Etic Ajans/Projeler/Mobil Uygulama/Emlak Script/vendor/laravel/framework/src/Illuminate/Pipeline/Pipeline.php(209): Illuminate\\Http\\Middleware\\HandleCors->handle(Object(Illuminate\\Http\\Request), Object(Closure))
#24 /Users/eticajans/Desktop/Etic Ajans/Projeler/Mobil Uygulama/Emlak Script/vendor/laravel/framework/src/Illuminate/Http/Middleware/TrustProxies.php(58): Illuminate\\Pipeline\\Pipeline->{closure:{closure:Illuminate\\Pipeline\\Pipeline::carry():184}:185}(Object(Illuminate\\Http\\Request))
#25 /Users/eticajans/Desktop/Etic Ajans/Projeler/Mobil Uygulama/Emlak Script/vendor/laravel/framework/src/Illuminate/Pipeline/Pipeline.php(209): Illuminate\\Http\\Middleware\\TrustProxies->handle(Object(Illuminate\\Http\\Request), Object(Closure))
#26 /Users/eticajans/Desktop/Etic Ajans/Projeler/Mobil Uygulama/Emlak Script/vendor/laravel/framework/src/Illuminate/Foundation/Http/Middleware/InvokeDeferredCallbacks.php(22): Illuminate\\Pipeline\\Pipeline->{closure:{closure:Illuminate\\Pipeline\\Pipeline::carry():184}:185}(Object(Illuminate\\Http\\Request))
#27 /Users/eticajans/Desktop/Etic Ajans/Projeler/Mobil Uygulama/Emlak Script/vendor/laravel/framework/src/Illuminate/Pipeline/Pipeline.php(209): Illuminate\\Foundation\\Http\\Middleware\\InvokeDeferredCallbacks->handle(Object(Illuminate\\Http\\Request), Object(Closure))
#28 /Users/eticajans/Desktop/Etic Ajans/Projeler/Mobil Uygulama/Emlak Script/vendor/laravel/framework/src/Illuminate/Pipeline/Pipeline.php(127): Illuminate\\Pipeline\\Pipeline->{closure:{closure:Illuminate\\Pipeline\\Pipeline::carry():184}:185}(Object(Illuminate\\Http\\Request))
#29 /Users/eticajans/Desktop/Etic Ajans/Projeler/Mobil Uygulama/Emlak Script/vendor/laravel/framework/src/Illuminate/Foundation/Http/Kernel.php(176): Illuminate\\Pipeline\\Pipeline->then(Object(Closure))
#30 /Users/eticajans/Desktop/Etic Ajans/Projeler/Mobil Uygulama/Emlak Script/vendor/laravel/framework/src/Illuminate/Foundation/Http/Kernel.php(145): Illuminate\\Foundation\\Http\\Kernel->sendRequestThroughRouter(Object(Illuminate\\Http\\Request))
#31 /Users/eticajans/Desktop/Etic Ajans/Projeler/Mobil Uygulama/Emlak Script/vendor/laravel/framework/src/Illuminate/Foundation/Application.php(1220): Illuminate\\Foundation\\Http\\Kernel->handle(Object(Illuminate\\Http\\Request))
#32 /Users/eticajans/Desktop/Etic Ajans/Projeler/Mobil Uygulama/Emlak Script/public/index.php(17): Illuminate\\Foundation\\Application->handleRequest(Object(Illuminate\\Http\\Request))
#33 /Users/eticajans/Desktop/Etic Ajans/Projeler/Mobil Uygulama/Emlak Script/vendor/laravel/framework/src/Illuminate/Foundation/resources/server.php(23): require_once('/Users/eticajan...')
#34 {main}
"} 
[2025-11-24 23:31:52] local.ERROR: Cannot use Illuminate\Support\Str as Str because the name is already in use {"exception":"[object] (Symfony\\Component\\ErrorHandler\\Error\\FatalError(code: 0): Cannot use Illuminate\\Support\\Str as Str because the name is already in use at /Users/eticajans/Desktop/Etic Ajans/Projeler/Mobil Uygulama/Emlak Script/app/Http/Controllers/ListingController.php:12)
[stacktrace]
#0 {main}
"} 
[2025-11-24 23:32:11] local.ERROR: SQLSTATE[HY000] [2002] Connection refused (Connection: mysql, SQL: select * from `sessions` where `id` = VH99kQNdCan6dFGibddWjIyvwDbXgQcNgwVPcnHt limit 1) {"exception":"[object] (Illuminate\\Database\\QueryException(code: 2002): SQLSTATE[HY000] [2002] Connection refused (Connection: mysql, SQL: select * from `sessions` where `id` = VH99kQNdCan6dFGibddWjIyvwDbXgQcNgwVPcnHt limit 1) at /Users/eticajans/Desktop/Etic Ajans/Projeler/Mobil Uygulama/Emlak Script/vendor/laravel/framework/src/Illuminate/Database/Connection.php:825)
[stacktrace]
#0 /Users/eticajans/Desktop/Etic Ajans/Projeler/Mobil Uygulama/Emlak Script/vendor/laravel/framework/src/Illuminate/Database/Connection.php(979): Illuminate\\Database\\Connection->runQueryCallback('select * from `...', Array, Object(Closure))
#1 /Users/eticajans/Desktop/Etic Ajans/Projeler/Mobil Uygulama/Emlak Script/vendor/laravel/framework/src/Illuminate/Database/Connection.php(958): Illuminate\\Database\\Connection->tryAgainIfCausedByLostConnection(Object(Illuminate\\Database\\QueryException), 'select * from `...', Array, Object(Closure))
#2 /Users/eticajans/Desktop/Etic Ajans/Projeler/Mobil Uygulama/Emlak Script/vendor/laravel/framework/src/Illuminate/Database/Connection.php(781): Illuminate\\Database\\Connection->handleQueryException(Object(Illuminate\\Database\\QueryException), 'select * from `...', Array, Object(Closure))
#3 /Users/eticajans/Desktop/Etic Ajans/Projeler/Mobil Uygulama/Emlak Script/vendor/laravel/framework/src/Illuminate/Database/Connection.php(398): Illuminate\\Database\\Connection->run('select * from `...', Array, Object(Closure))
#4 /Users/eticajans/Desktop/Etic Ajans/Projeler/Mobil Uygulama/Emlak Script/vendor/laravel/framework/src/Illuminate/Database/Query/Builder.php(3106): Illuminate\\Database\\Connection->select('select * from `...', Array, false)
#5 /Users/eticajans/Desktop/Etic Ajans/Projeler/Mobil Uygulama/Emlak Script/vendor/laravel/framework/src/Illuminate/Database/Query/Builder.php(3091): Illuminate\\Database\\Query\\Builder->runSelect()
#6 /Users/eticajans/Desktop/Etic Ajans/Projeler/Mobil Uygulama/Emlak Script/vendor/laravel/framework/src/Illuminate/Database/Query/Builder.php(3676): Illuminate\\Database\\Query\\Builder->{closure:Illuminate\\Database\\Query\\Builder::get():3090}()
#7 /Users/eticajans/Desktop/Etic Ajans/Projeler/Mobil Uygulama/Emlak Script/vendor/laravel/framework/src/Illuminate/Database/Query/Builder.php(3090): Illuminate\\Database\\Query\\Builder->onceWithColumns(Array, Object(Closure))
#8 /Users/eticajans/Desktop/Etic Ajans/Projeler/Mobil Uygulama/Emlak Script/vendor/laravel/framework/src/Illuminate/Database/Concerns/BuildsQueries.php(343): Illuminate\\Database\\Query\\Builder->get(Array)
#9 /Users/eticajans/Desktop/Etic Ajans/Projeler/Mobil Uygulama/Emlak Script/vendor/laravel/framework/src/Illuminate/Database/Query/Builder.php(3013): Illuminate\\Database\\Query\\Builder->first(Array)
#10 /Users/eticajans/Desktop/Etic Ajans/Projeler/Mobil Uygulama/Emlak Script/vendor/laravel/framework/src/Illuminate/Session/DatabaseSessionHandler.php(97): Illuminate\\Database\\Query\\Builder->find('VH99kQNdCan6dFG...')
#11 /Users/eticajans/Desktop/Etic Ajans/Projeler/Mobil Uygulama/Emlak Script/vendor/laravel/framework/src/Illuminate/Session/Store.php(117): Illuminate\\Session\\DatabaseSessionHandler->read('VH99kQNdCan6dFG...')
#12 /Users/eticajans/Desktop/Etic Ajans/Projeler/Mobil Uygulama/Emlak Script/vendor/laravel/framework/src/Illuminate/Session/Store.php(105): Illuminate\\Session\\Store->readFromHandler()
#13 /Users/eticajans/Desktop/Etic Ajans/Projeler/Mobil Uygulama/Emlak Script/vendor/laravel/framework/src/Illuminate/Session/Store.php(89): Illuminate\\Session\\Store->loadSession()
#14 /Users/eticajans/Desktop/Etic Ajans/Projeler/Mobil Uygulama/Emlak Script/vendor/laravel/framework/src/Illuminate/Session/Middleware/StartSession.php(147): Illuminate\\Session\\Store->start()
#15 /Users/eticajans/Desktop/Etic Ajans/Projeler/Mobil Uygulama/Emlak Script/vendor/laravel/framework/src/Illuminate/Support/helpers.php(399): Illuminate\\Session\\Middleware\\StartSession->{closure:Illuminate\\Session\\Middleware\\StartSession::startSession():144}(Object(Illuminate\\Session\\Store))
#16 /Users/eticajans/Desktop/Etic Ajans/Projeler/Mobil Uygulama/Emlak Script/vendor/laravel/framework/src/Illuminate/Session/Middleware/StartSession.php(144): tap(Object(Illuminate\\Session\\Store), Object(Closure))
#17 /Users/eticajans/Desktop/Etic Ajans/Projeler/Mobil Uygulama/Emlak Script/vendor/laravel/framework/src/Illuminate/Session/Middleware/StartSession.php(116): Illuminate\\Session\\Middleware\\StartSession->startSession(Object(Illuminate\\Http\\Request), Object(Illuminate\\Session\\Store))
#18 /Users/eticajans/Desktop/Etic Ajans/Projeler/Mobil Uygulama/Emlak Script/vendor/laravel/framework/src/Illuminate/Session/Middleware/StartSession.php(64): Illuminate\\Session\\Middleware\\StartSession->handleStatefulRequest(Object(Illuminate\\Http\\Request), Object(Illuminate\\Session\\Store), Object(Closure))
#19 /Users/eticajans/Desktop/Etic Ajans/Projeler/Mobil Uygulama/Emlak Script/vendor/laravel/framework/src/Illuminate/Pipeline/Pipeline.php(209): Illuminate\\Session\\Middleware\\StartSession->handle(Object(Illuminate\\Http\\Request), Object(Closure))
#20 /Users/eticajans/Desktop/Etic Ajans/Projeler/Mobil Uygulama/Emlak Script/vendor/laravel/framework/src/Illuminate/Cookie/Middleware/AddQueuedCookiesToResponse.php(37): Illuminate\\Pipeline\\Pipeline->{closure:{closure:Illuminate\\Pipeline\\Pipeline::carry():184}:185}(Object(Illuminate\\Http\\Request))
#21 /Users/eticajans/Desktop/Etic Ajans/Projeler/Mobil Uygulama/Emlak Script/vendor/laravel/framework/src/Illuminate/Pipeline/Pipeline.php(209): Illuminate\\Cookie\\Middleware\\AddQueuedCookiesToResponse->handle(Object(Illuminate\\Http\\Request), Object(Closure))
#22 /Users/eticajans/Desktop/Etic Ajans/Projeler/Mobil Uygulama/Emlak Script/vendor/laravel/framework/src/Illuminate/Cookie/Middleware/EncryptCookies.php(75): Illuminate\\Pipeline\\Pipeline->{closure:{closure:Illuminate\\Pipeline\\Pipeline::carry():184}:185}(Object(Illuminate\\Http\\Request))
#23 /Users/eticajans/Desktop/Etic Ajans/Projeler/Mobil Uygulama/Emlak Script/vendor/laravel/framework/src/Illuminate/Pipeline/Pipeline.php(209): Illuminate\\Cookie\\Middleware\\EncryptCookies->handle(Object(Illuminate\\Http\\Request), Object(Closure))
#24 /Users/eticajans/Desktop/Etic Ajans/Projeler/Mobil Uygulama/Emlak Script/vendor/laravel/framework/src/Illuminate/Pipeline/Pipeline.php(127): Illuminate\\Pipeline\\Pipeline->{closure:{closure:Illuminate\\Pipeline\\Pipeline::carry():184}:185}(Object(Illuminate\\Http\\Request))
#25 /Users/eticajans/Desktop/Etic Ajans/Projeler/Mobil Uygulama/Emlak Script/vendor/laravel/framework/src/Illuminate/Routing/Router.php(807): Illuminate\\Pipeline\\Pipeline->then(Object(Closure))
#26 /Users/eticajans/Desktop/Etic Ajans/Projeler/Mobil Uygulama/Emlak Script/vendor/laravel/framework/src/Illuminate/Routing/Router.php(786): Illuminate\\Routing\\Router->runRouteWithinStack(Object(Illuminate\\Routing\\Route), Object(Illuminate\\Http\\Request))
#27 /Users/eticajans/Desktop/Etic Ajans/Projeler/Mobil Uygulama/Emlak Script/vendor/laravel/framework/src/Illuminate/Routing/Router.php(750): Illuminate\\Routing\\Router->runRoute(Object(Illuminate\\Http\\Request), Object(Illuminate\\Routing\\Route))
#28 /Users/eticajans/Desktop/Etic Ajans/Projeler/Mobil Uygulama/Emlak Script/vendor/laravel/framework/src/Illuminate/Routing/Router.php(739): Illuminate\\Routing\\Router->dispatchToRoute(Object(Illuminate\\Http\\Request))
#29 /Users/eticajans/Desktop/Etic Ajans/Projeler/Mobil Uygulama/Emlak Script/vendor/laravel/framework/src/Illuminate/Foundation/Http/Kernel.php(201): Illuminate\\Routing\\Router->dispatch(Object(Illuminate\\Http\\Request))
#30 /Users/eticajans/Desktop/Etic Ajans/Projeler/Mobil Uygulama/Emlak Script/vendor/laravel/framework/src/Illuminate/Pipeline/Pipeline.php(170): Illuminate\\Foundation\\Http\\Kernel->{closure:Illuminate\\Foundation\\Http\\Kernel::dispatchToRouter():198}(Object(Illuminate\\Http\\Request))
#31 /Users/eticajans/Desktop/Etic Ajans/Projeler/Mobil Uygulama/Emlak Script/vendor/laravel/framework/src/Illuminate/Foundation/Http/Middleware/TransformsRequest.php(21): Illuminate\\Pipeline\\Pipeline->{closure:Illuminate\\Pipeline\\Pipeline::prepareDestination():168}(Object(Illuminate\\Http\\Request))
#32 /Users/eticajans/Desktop/Etic Ajans/Projeler/Mobil Uygulama/Emlak Script/vendor/laravel/framework/src/Illuminate/Foundation/Http/Middleware/ConvertEmptyStringsToNull.php(31): Illuminate\\Foundation\\Http\\Middleware\\TransformsRequest->handle(Object(Illuminate\\Http\\Request), Object(Closure))
#33 /Users/eticajans/Desktop/Etic Ajans/Projeler/Mobil Uygulama/Emlak Script/vendor/laravel/framework/src/Illuminate/Pipeline/Pipeline.php(209): Illuminate\\Foundation\\Http\\Middleware\\ConvertEmptyStringsToNull->handle(Object(Illuminate\\Http\\Request), Object(Closure))
#34 /Users/eticajans/Desktop/Etic Ajans/Projeler/Mobil Uygulama/Emlak Script/vendor/laravel/framework/src/Illuminate/Foundation/Http/Middleware/TransformsRequest.php(21): Illuminate\\Pipeline\\Pipeline->{closure:{closure:Illuminate\\Pipeline\\Pipeline::carry():184}:185}(Object(Illuminate\\Http\\Request))
#35 /Users/eticajans/Desktop/Etic Ajans/Projeler/Mobil Uygulama/Emlak Script/vendor/laravel/framework/src/Illuminate/Foundation/Http/Middleware/TrimStrings.php(51): Illuminate\\Foundation\\Http\\Middleware\\TransformsRequest->handle(Object(Illuminate\\Http\\Request), Object(Closure))
#36 /Users/eticajans/Desktop/Etic Ajans/Projeler/Mobil Uygulama/Emlak Script/vendor/laravel/framework/src/Illuminate/Pipeline/Pipeline.php(209): Illuminate\\Foundation\\Http\\Middleware\\TrimStrings->handle(Object(Illuminate\\Http\\Request), Object(Closure))
#37 /Users/eticajans/Desktop/Etic Ajans/Projeler/Mobil Uygulama/Emlak Script/vendor/laravel/framework/src/Illuminate/Http/Middleware/ValidatePostSize.php(27): Illuminate\\Pipeline\\Pipeline->{closure:{closure:Illuminate\\Pipeline\\Pipeline::carry():184}:185}(Object(Illuminate\\Http\\Request))
#38 /Users/eticajans/Desktop/Etic Ajans/Projeler/Mobil Uygulama/Emlak Script/vendor/laravel/framework/src/Illuminate/Pipeline/Pipeline.php(209): Illuminate\\Http\\Middleware\\ValidatePostSize->handle(Object(Illuminate\\Http\\Request), Object(Closure))
#39 /Users/eticajans/Desktop/Etic Ajans/Projeler/Mobil Uygulama/Emlak Script/vendor/laravel/framework/src/Illuminate/Foundation/Http/Middleware/PreventRequestsDuringMaintenance.php(110): Illuminate\\Pipeline\\Pipeline->{closure:{closure:Illuminate\\Pipeline\\Pipeline::carry():184}:185}(Object(Illuminate\\Http\\Request))
#40 /Users/eticajans/Desktop/Etic Ajans/Projeler/Mobil Uygulama/Emlak Script/vendor/laravel/framework/src/Illuminate/Pipeline/Pipeline.php(209): Illuminate\\Foundation\\Http\\Middleware\\PreventRequestsDuringMaintenance->handle(Object(Illuminate\\Http\\Request), Object(Closure))
#41 /Users/eticajans/Desktop/Etic Ajans/Projeler/Mobil Uygulama/Emlak Script/vendor/laravel/framework/src/Illuminate/Http/Middleware/HandleCors.php(49): Illuminate\\Pipeline\\Pipeline->{closure:{closure:Illuminate\\Pipeline\\Pipeline::carry():184}:185}(Object(Illuminate\\Http\\Request))
#42 /Users/eticajans/Desktop/Etic Ajans/Projeler/Mobil Uygulama/Emlak Script/vendor/laravel/framework/src/Illuminate/Pipeline/Pipeline.php(209): Illuminate\\Http\\Middleware\\HandleCors->handle(Object(Illuminate\\Http\\Request), Object(Closure))
#43 /Users/eticajans/Desktop/Etic Ajans/Projeler/Mobil Uygulama/Emlak Script/vendor/laravel/framework/src/Illuminate/Http/Middleware/TrustProxies.php(58): Illuminate\\Pipeline\\Pipeline->{closure:{closure:Illuminate\\Pipeline\\Pipeline::carry():184}:185}(Object(Illuminate\\Http\\Request))
#44 /Users/eticajans/Desktop/Etic Ajans/Projeler/Mobil Uygulama/Emlak Script/vendor/laravel/framework/src/Illuminate/Pipeline/Pipeline.php(209): Illuminate\\Http\\Middleware\\TrustProxies->handle(Object(Illuminate\\Http\\Request), Object(Closure))
#45 /Users/eticajans/Desktop/Etic Ajans/Projeler/Mobil Uygulama/Emlak Script/vendor/laravel/framework/src/Illuminate/Foundation/Http/Middleware/InvokeDeferredCallbacks.php(22): Illuminate\\Pipeline\\Pipeline->{closure:{closure:Illuminate\\Pipeline\\Pipeline::carry():184}:185}(Object(Illuminate\\Http\\Request))
#46 /Users/eticajans/Desktop/Etic Ajans/Projeler/Mobil Uygulama/Emlak Script/vendor/laravel/framework/src/Illuminate/Pipeline/Pipeline.php(209): Illuminate\\Foundation\\Http\\Middleware\\InvokeDeferredCallbacks->handle(Object(Illuminate\\Http\\Request), Object(Closure))
#47 /Users/eticajans/Desktop/Etic Ajans/Projeler/Mobil Uygulama/Emlak Script/vendor/laravel/framework/src/Illuminate/Pipeline/Pipeline.php(127): Illuminate\\Pipeline\\Pipeline->{closure:{closure:Illuminate\\Pipeline\\Pipeline::carry():184}:185}(Object(Illuminate\\Http\\Request))
#48 /Users/eticajans/Desktop/Etic Ajans/Projeler/Mobil Uygulama/Emlak Script/vendor/laravel/framework/src/Illuminate/Foundation/Http/Kernel.php(176): Illuminate\\Pipeline\\Pipeline->then(Object(Closure))
#49 /Users/eticajans/Desktop/Etic Ajans/Projeler/Mobil Uygulama/Emlak Script/vendor/laravel/framework/src/Illuminate/Foundation/Http/Kernel.php(145): Illuminate\\Foundation\\Http\\Kernel->sendRequestThroughRouter(Object(Illuminate\\Http\\Request))
#50 /Users/eticajans/Desktop/Etic Ajans/Projeler/Mobil Uygulama/Emlak Script/vendor/laravel/framework/src/Illuminate/Foundation/Application.php(1220): Illuminate\\Foundation\\Http\\Kernel->handle(Object(Illuminate\\Http\\Request))
#51 /Users/eticajans/Desktop/Etic Ajans/Projeler/Mobil Uygulama/Emlak Script/public/index.php(17): Illuminate\\Foundation\\Application->handleRequest(Object(Illuminate\\Http\\Request))
#52 /Users/eticajans/Desktop/Etic Ajans/Projeler/Mobil Uygulama/Emlak Script/vendor/laravel/framework/src/Illuminate/Foundation/resources/server.php(23): require_once('/Users/eticajan...')
#53 {main}

[previous exception] [object] (PDOException(code: 2002): SQLSTATE[HY000] [2002] Connection refused at /Users/eticajans/Desktop/Etic Ajans/Projeler/Mobil Uygulama/Emlak Script/vendor/laravel/framework/src/Illuminate/Database/Connectors/Connector.php:67)
[stacktrace]
#0 /Users/eticajans/Desktop/Etic Ajans/Projeler/Mobil Uygulama/Emlak Script/vendor/laravel/framework/src/Illuminate/Database/Connectors/Connector.php(67): PDO::connect('mysql:host=127....', 'root', Object(SensitiveParameterValue), Array)
#1 /Users/eticajans/Desktop/Etic Ajans/Projeler/Mobil Uygulama/Emlak Script/vendor/laravel/framework/src/Illuminate/Database/Connectors/Connector.php(85): Illuminate\\Database\\Connectors\\Connector->createPdoConnection('mysql:host=127....', 'root', Object(SensitiveParameterValue), Array)
#2 /Users/eticajans/Desktop/Etic Ajans/Projeler/Mobil Uygulama/Emlak Script/vendor/laravel/framework/src/Illuminate/Database/Connectors/Connector.php(48): Illuminate\\Database\\Connectors\\Connector->tryAgainIfCausedByLostConnection(Object(PDOException), 'mysql:host=127....', 'root', Object(SensitiveParameterValue), Array)
#3 /Users/eticajans/Desktop/Etic Ajans/Projeler/Mobil Uygulama/Emlak Script/vendor/laravel/framework/src/Illuminate/Database/Connectors/MySqlConnector.php(24): Illuminate\\Database\\Connectors\\Connector->createConnection('mysql:host=127....', Array, Array)
#4 /Users/eticajans/Desktop/Etic Ajans/Projeler/Mobil Uygulama/Emlak Script/vendor/laravel/framework/src/Illuminate/Database/Connectors/ConnectionFactory.php(185): Illuminate\\Database\\Connectors\\MySqlConnector->connect(Array)
#5 [internal function]: Illuminate\\Database\\Connectors\\ConnectionFactory->{closure:Illuminate\\Database\\Connectors\\ConnectionFactory::createPdoResolverWithHosts():180}()
#6 /Users/eticajans/Desktop/Etic Ajans/Projeler/Mobil Uygulama/Emlak Script/vendor/laravel/framework/src/Illuminate/Database/Connection.php(1231): call_user_func(Object(Closure))
#7 /Users/eticajans/Desktop/Etic Ajans/Projeler/Mobil Uygulama/Emlak Script/vendor/laravel/framework/src/Illuminate/Database/Connection.php(512): Illuminate\\Database\\Connection->getPdo()
#8 /Users/eticajans/Desktop/Etic Ajans/Projeler/Mobil Uygulama/Emlak Script/vendor/laravel/framework/src/Illuminate/Database/Connection.php(407): Illuminate\\Database\\Connection->getPdoForSelect(false)
#9 /Users/eticajans/Desktop/Etic Ajans/Projeler/Mobil Uygulama/Emlak Script/vendor/laravel/framework/src/Illuminate/Database/Connection.php(812): Illuminate\\Database\\Connection->{closure:Illuminate\\Database\\Connection::select():398}('select * from `...', Array)
#10 /Users/eticajans/Desktop/Etic Ajans/Projeler/Mobil Uygulama/Emlak Script/vendor/laravel/framework/src/Illuminate/Database/Connection.php(979): Illuminate\\Database\\Connection->runQueryCallback('select * from `...', Array, Object(Closure))
#11 /Users/eticajans/Desktop/Etic Ajans/Projeler/Mobil Uygulama/Emlak Script/vendor/laravel/framework/src/Illuminate/Database/Connection.php(958): Illuminate\\Database\\Connection->tryAgainIfCausedByLostConnection(Object(Illuminate\\Database\\QueryException), 'select * from `...', Array, Object(Closure))
#12 /Users/eticajans/Desktop/Etic Ajans/Projeler/Mobil Uygulama/Emlak Script/vendor/laravel/framework/src/Illuminate/Database/Connection.php(781): Illuminate\\Database\\Connection->handleQueryException(Object(Illuminate\\Database\\QueryException), 'select * from `...', Array, Object(Closure))
#13 /Users/eticajans/Desktop/Etic Ajans/Projeler/Mobil Uygulama/Emlak Script/vendor/laravel/framework/src/Illuminate/Database/Connection.php(398): Illuminate\\Database\\Connection->run('select * from `...', Array, Object(Closure))
#14 /Users/eticajans/Desktop/Etic Ajans/Projeler/Mobil Uygulama/Emlak Script/vendor/laravel/framework/src/Illuminate/Database/Query/Builder.php(3106): Illuminate\\Database\\Connection->select('select * from `...', Array, false)
#15 /Users/eticajans/Desktop/Etic Ajans/Projeler/Mobil Uygulama/Emlak Script/vendor/laravel/framework/src/Illuminate/Database/Query/Builder.php(3091): Illuminate\\Database\\Query\\Builder->runSelect()
#16 /Users/eticajans/Desktop/Etic Ajans/Projeler/Mobil Uygulama/Emlak Script/vendor/laravel/framework/src/Illuminate/Database/Query/Builder.php(3676): Illuminate\\Database\\Query\\Builder->{closure:Illuminate\\Database\\Query\\Builder::get():3090}()
#17 /Users/eticajans/Desktop/Etic Ajans/Projeler/Mobil Uygulama/Emlak Script/vendor/laravel/framework/src/Illuminate/Database/Query/Builder.php(3090): Illuminate\\Database\\Query\\Builder->onceWithColumns(Array, Object(Closure))
#18 /Users/eticajans/Desktop/Etic Ajans/Projeler/Mobil Uygulama/Emlak Script/vendor/laravel/framework/src/Illuminate/Database/Concerns/BuildsQueries.php(343): Illuminate\\Database\\Query\\Builder->get(Array)
#19 /Users/eticajans/Desktop/Etic Ajans/Projeler/Mobil Uygulama/Emlak Script/vendor/laravel/framework/src/Illuminate/Database/Query/Builder.php(3013): Illuminate\\Database\\Query\\Builder->first(Array)
#20 /Users/eticajans/Desktop/Etic Ajans/Projeler/Mobil Uygulama/Emlak Script/vendor/laravel/framework/src/Illuminate/Session/DatabaseSessionHandler.php(97): Illuminate\\Database\\Query\\Builder->find('VH99kQNdCan6dFG...')
#21 /Users/eticajans/Desktop/Etic Ajans/Projeler/Mobil Uygulama/Emlak Script/vendor/laravel/framework/src/Illuminate/Session/Store.php(117): Illuminate\\Session\\DatabaseSessionHandler->read('VH99kQNdCan6dFG...')
#22 /Users/eticajans/Desktop/Etic Ajans/Projeler/Mobil Uygulama/Emlak Script/vendor/laravel/framework/src/Illuminate/Session/Store.php(105): Illuminate\\Session\\Store->readFromHandler()
#23 /Users/eticajans/Desktop/Etic Ajans/Projeler/Mobil Uygulama/Emlak Script/vendor/laravel/framework/src/Illuminate/Session/Store.php(89): Illuminate\\Session\\Store->loadSession()
#24 /Users/eticajans/Desktop/Etic Ajans/Projeler/Mobil Uygulama/Emlak Script/vendor/laravel/framework/src/Illuminate/Session/Middleware/StartSession.php(147): Illuminate\\Session\\Store->start()
#25 /Users/eticajans/Desktop/Etic Ajans/Projeler/Mobil Uygulama/Emlak Script/vendor/laravel/framework/src/Illuminate/Support/helpers.php(399): Illuminate\\Session\\Middleware\\StartSession->{closure:Illuminate\\Session\\Middleware\\StartSession::startSession():144}(Object(Illuminate\\Session\\Store))
#26 /Users/eticajans/Desktop/Etic Ajans/Projeler/Mobil Uygulama/Emlak Script/vendor/laravel/framework/src/Illuminate/Session/Middleware/StartSession.php(144): tap(Object(Illuminate\\Session\\Store), Object(Closure))
#27 /Users/eticajans/Desktop/Etic Ajans/Projeler/Mobil Uygulama/Emlak Script/vendor/laravel/framework/src/Illuminate/Session/Middleware/StartSession.php(116): Illuminate\\Session\\Middleware\\StartSession->startSession(Object(Illuminate\\Http\\Request), Object(Illuminate\\Session\\Store))
#28 /Users/eticajans/Desktop/Etic Ajans/Projeler/Mobil Uygulama/Emlak Script/vendor/laravel/framework/src/Illuminate/Session/Middleware/StartSession.php(64): Illuminate\\Session\\Middleware\\StartSession->handleStatefulRequest(Object(Illuminate\\Http\\Request), Object(Illuminate\\Session\\Store), Object(Closure))
#29 /Users/eticajans/Desktop/Etic Ajans/Projeler/Mobil Uygulama/Emlak Script/vendor/laravel/framework/src/Illuminate/Pipeline/Pipeline.php(209): Illuminate\\Session\\Middleware\\StartSession->handle(Object(Illuminate\\Http\\Request), Object(Closure))
#30 /Users/eticajans/Desktop/Etic Ajans/Projeler/Mobil Uygulama/Emlak Script/vendor/laravel/framework/src/Illuminate/Cookie/Middleware/AddQueuedCookiesToResponse.php(37): Illuminate\\Pipeline\\Pipeline->{closure:{closure:Illuminate\\Pipeline\\Pipeline::carry():184}:185}(Object(Illuminate\\Http\\Request))
#31 /Users/eticajans/Desktop/Etic Ajans/Projeler/Mobil Uygulama/Emlak Script/vendor/laravel/framework/src/Illuminate/Pipeline/Pipeline.php(209): Illuminate\\Cookie\\Middleware\\AddQueuedCookiesToResponse->handle(Object(Illuminate\\Http\\Request), Object(Closure))
#32 /Users/eticajans/Desktop/Etic Ajans/Projeler/Mobil Uygulama/Emlak Script/vendor/laravel/framework/src/Illuminate/Cookie/Middleware/EncryptCookies.php(75): Illuminate\\Pipeline\\Pipeline->{closure:{closure:Illuminate\\Pipeline\\Pipeline::carry():184}:185}(Object(Illuminate\\Http\\Request))
#33 /Users/eticajans/Desktop/Etic Ajans/Projeler/Mobil Uygulama/Emlak Script/vendor/laravel/framework/src/Illuminate/Pipeline/Pipeline.php(209): Illuminate\\Cookie\\Middleware\\EncryptCookies->handle(Object(Illuminate\\Http\\Request), Object(Closure))
#34 /Users/eticajans/Desktop/Etic Ajans/Projeler/Mobil Uygulama/Emlak Script/vendor/laravel/framework/src/Illuminate/Pipeline/Pipeline.php(127): Illuminate\\Pipeline\\Pipeline->{closure:{closure:Illuminate\\Pipeline\\Pipeline::carry():184}:185}(Object(Illuminate\\Http\\Request))
#35 /Users/eticajans/Desktop/Etic Ajans/Projeler/Mobil Uygulama/Emlak Script/vendor/laravel/framework/src/Illuminate/Routing/Router.php(807): Illuminate\\Pipeline\\Pipeline->then(Object(Closure))
#36 /Users/eticajans/Desktop/Etic Ajans/Projeler/Mobil Uygulama/Emlak Script/vendor/laravel/framework/src/Illuminate/Routing/Router.php(786): Illuminate\\Routing\\Router->runRouteWithinStack(Object(Illuminate\\Routing\\Route), Object(Illuminate\\Http\\Request))
#37 /Users/eticajans/Desktop/Etic Ajans/Projeler/Mobil Uygulama/Emlak Script/vendor/laravel/framework/src/Illuminate/Routing/Router.php(750): Illuminate\\Routing\\Router->runRoute(Object(Illuminate\\Http\\Request), Object(Illuminate\\Routing\\Route))
#38 /Users/eticajans/Desktop/Etic Ajans/Projeler/Mobil Uygulama/Emlak Script/vendor/laravel/framework/src/Illuminate/Routing/Router.php(739): Illuminate\\Routing\\Router->dispatchToRoute(Object(Illuminate\\Http\\Request))
#39 /Users/eticajans/Desktop/Etic Ajans/Projeler/Mobil Uygulama/Emlak Script/vendor/laravel/framework/src/Illuminate/Foundation/Http/Kernel.php(201): Illuminate\\Routing\\Router->dispatch(Object(Illuminate\\Http\\Request))
#40 /Users/eticajans/Desktop/Etic Ajans/Projeler/Mobil Uygulama/Emlak Script/vendor/laravel/framework/src/Illuminate/Pipeline/Pipeline.php(170): Illuminate\\Foundation\\Http\\Kernel->{closure:Illuminate\\Foundation\\Http\\Kernel::dispatchToRouter():198}(Object(Illuminate\\Http\\Request))
#41 /Users/eticajans/Desktop/Etic Ajans/Projeler/Mobil Uygulama/Emlak Script/vendor/laravel/framework/src/Illuminate/Foundation/Http/Middleware/TransformsRequest.php(21): Illuminate\\Pipeline\\Pipeline->{closure:Illuminate\\Pipeline\\Pipeline::prepareDestination():168}(Object(Illuminate\\Http\\Request))
#42 /Users/eticajans/Desktop/Etic Ajans/Projeler/Mobil Uygulama/Emlak Script/vendor/laravel/framework/src/Illuminate/Foundation/Http/Middleware/ConvertEmptyStringsToNull.php(31): Illuminate\\Foundation\\Http\\Middleware\\TransformsRequest->handle(Object(Illuminate\\Http\\Request), Object(Closure))
#43 /Users/eticajans/Desktop/Etic Ajans/Projeler/Mobil Uygulama/Emlak Script/vendor/laravel/framework/src/Illuminate/Pipeline/Pipeline.php(209): Illuminate\\Foundation\\Http\\Middleware\\ConvertEmptyStringsToNull->handle(Object(Illuminate\\Http\\Request), Object(Closure))
#44 /Users/eticajans/Desktop/Etic Ajans/Projeler/Mobil Uygulama/Emlak Script/vendor/laravel/framework/src/Illuminate/Foundation/Http/Middleware/TransformsRequest.php(21): Illuminate\\Pipeline\\Pipeline->{closure:{closure:Illuminate\\Pipeline\\Pipeline::carry():184}:185}(Object(Illuminate\\Http\\Request))
#45 /Users/eticajans/Desktop/Etic Ajans/Projeler/Mobil Uygulama/Emlak Script/vendor/laravel/framework/src/Illuminate/Foundation/Http/Middleware/TrimStrings.php(51): Illuminate\\Foundation\\Http\\Middleware\\TransformsRequest->handle(Object(Illuminate\\Http\\Request), Object(Closure))
#46 /Users/eticajans/Desktop/Etic Ajans/Projeler/Mobil Uygulama/Emlak Script/vendor/laravel/framework/src/Illuminate/Pipeline/Pipeline.php(209): Illuminate\\Foundation\\Http\\Middleware\\TrimStrings->handle(Object(Illuminate\\Http\\Request), Object(Closure))
#47 /Users/eticajans/Desktop/Etic Ajans/Projeler/Mobil Uygulama/Emlak Script/vendor/laravel/framework/src/Illuminate/Http/Middleware/ValidatePostSize.php(27): Illuminate\\Pipeline\\Pipeline->{closure:{closure:Illuminate\\Pipeline\\Pipeline::carry():184}:185}(Object(Illuminate\\Http\\Request))
#48 /Users/eticajans/Desktop/Etic Ajans/Projeler/Mobil Uygulama/Emlak Script/vendor/laravel/framework/src/Illuminate/Pipeline/Pipeline.php(209): Illuminate\\Http\\Middleware\\ValidatePostSize->handle(Object(Illuminate\\Http\\Request), Object(Closure))
#49 /Users/eticajans/Desktop/Etic Ajans/Projeler/Mobil Uygulama/Emlak Script/vendor/laravel/framework/src/Illuminate/Foundation/Http/Middleware/PreventRequestsDuringMaintenance.php(110): Illuminate\\Pipeline\\Pipeline->{closure:{closure:Illuminate\\Pipeline\\Pipeline::carry():184}:185}(Object(Illuminate\\Http\\Request))
#50 /Users/eticajans/Desktop/Etic Ajans/Projeler/Mobil Uygulama/Emlak Script/vendor/laravel/framework/src/Illuminate/Pipeline/Pipeline.php(209): Illuminate\\Foundation\\Http\\Middleware\\PreventRequestsDuringMaintenance->handle(Object(Illuminate\\Http\\Request), Object(Closure))
#51 /Users/eticajans/Desktop/Etic Ajans/Projeler/Mobil Uygulama/Emlak Script/vendor/laravel/framework/src/Illuminate/Http/Middleware/HandleCors.php(49): Illuminate\\Pipeline\\Pipeline->{closure:{closure:Illuminate\\Pipeline\\Pipeline::carry():184}:185}(Object(Illuminate\\Http\\Request))
#52 /Users/eticajans/Desktop/Etic Ajans/Projeler/Mobil Uygulama/Emlak Script/vendor/laravel/framework/src/Illuminate/Pipeline/Pipeline.php(209): Illuminate\\Http\\Middleware\\HandleCors->handle(Object(Illuminate\\Http\\Request), Object(Closure))
#53 /Users/eticajans/Desktop/Etic Ajans/Projeler/Mobil Uygulama/Emlak Script/vendor/laravel/framework/src/Illuminate/Http/Middleware/TrustProxies.php(58): Illuminate\\Pipeline\\Pipeline->{closure:{closure:Illuminate\\Pipeline\\Pipeline::carry():184}:185}(Object(Illuminate\\Http\\Request))
#54 /Users/eticajans/Desktop/Etic Ajans/Projeler/Mobil Uygulama/Emlak Script/vendor/laravel/framework/src/Illuminate/Pipeline/Pipeline.php(209): Illuminate\\Http\\Middleware\\TrustProxies->handle(Object(Illuminate\\Http\\Request), Object(Closure))
#55 /Users/eticajans/Desktop/Etic Ajans/Projeler/Mobil Uygulama/Emlak Script/vendor/laravel/framework/src/Illuminate/Foundation/Http/Middleware/InvokeDeferredCallbacks.php(22): Illuminate\\Pipeline\\Pipeline->{closure:{closure:Illuminate\\Pipeline\\Pipeline::carry():184}:185}(Object(Illuminate\\Http\\Request))
#56 /Users/eticajans/Desktop/Etic Ajans/Projeler/Mobil Uygulama/Emlak Script/vendor/laravel/framework/src/Illuminate/Pipeline/Pipeline.php(209): Illuminate\\Foundation\\Http\\Middleware\\InvokeDeferredCallbacks->handle(Object(Illuminate\\Http\\Request), Object(Closure))
#57 /Users/eticajans/Desktop/Etic Ajans/Projeler/Mobil Uygulama/Emlak Script/vendor/laravel/framework/src/Illuminate/Pipeline/Pipeline.php(127): Illuminate\\Pipeline\\Pipeline->{closure:{closure:Illuminate\\Pipeline\\Pipeline::carry():184}:185}(Object(Illuminate\\Http\\Request))
#58 /Users/eticajans/Desktop/Etic Ajans/Projeler/Mobil Uygulama/Emlak Script/vendor/laravel/framework/src/Illuminate/Foundation/Http/Kernel.php(176): Illuminate\\Pipeline\\Pipeline->then(Object(Closure))
#59 /Users/eticajans/Desktop/Etic Ajans/Projeler/Mobil Uygulama/Emlak Script/vendor/laravel/framework/src/Illuminate/Foundation/Http/Kernel.php(145): Illuminate\\Foundation\\Http\\Kernel->sendRequestThroughRouter(Object(Illuminate\\Http\\Request))
#60 /Users/eticajans/Desktop/Etic Ajans/Projeler/Mobil Uygulama/Emlak Script/vendor/laravel/framework/src/Illuminate/Foundation/Application.php(1220): Illuminate\\Foundation\\Http\\Kernel->handle(Object(Illuminate\\Http\\Request))
#61 /Users/eticajans/Desktop/Etic Ajans/Projeler/Mobil Uygulama/Emlak Script/public/index.php(17): Illuminate\\Foundation\\Application->handleRequest(Object(Illuminate\\Http\\Request))
#62 /Users/eticajans/Desktop/Etic Ajans/Projeler/Mobil Uygulama/Emlak Script/vendor/laravel/framework/src/Illuminate/Foundation/resources/server.php(23): require_once('/Users/eticajan...')
#63 {main}
"} 
[2025-11-24 23:35:13] local.ERROR: SQLSTATE[HY000] [1045] Access denied for user 'root'@'localhost' (using password: YES) (Connection: mysql, SQL: select exists (select 1 from information_schema.tables where table_schema = 'estateflow' and table_name = 'migrations' and table_type in ('BASE TABLE', 'SYSTEM VERSIONED')) as `exists`) {"exception":"[object] (Illuminate\\Database\\QueryException(code: 1045): SQLSTATE[HY000] [1045] Access denied for user 'root'@'localhost' (using password: YES) (Connection: mysql, SQL: select exists (select 1 from information_schema.tables where table_schema = 'estateflow' and table_name = 'migrations' and table_type in ('BASE TABLE', 'SYSTEM VERSIONED')) as `exists`) at /Users/eticajans/Desktop/Etic Ajans/Projeler/Mobil Uygulama/Emlak Script/vendor/laravel/framework/src/Illuminate/Database/Connection.php:825)
[stacktrace]
#0 /Users/eticajans/Desktop/Etic Ajans/Projeler/Mobil Uygulama/Emlak Script/vendor/laravel/framework/src/Illuminate/Database/Connection.php(779): Illuminate\\Database\\Connection->runQueryCallback('select exists (...', Array, Object(Closure))
#1 /Users/eticajans/Desktop/Etic Ajans/Projeler/Mobil Uygulama/Emlak Script/vendor/laravel/framework/src/Illuminate/Database/Connection.php(398): Illuminate\\Database\\Connection->run('select exists (...', Array, Object(Closure))
#2 /Users/eticajans/Desktop/Etic Ajans/Projeler/Mobil Uygulama/Emlak Script/vendor/laravel/framework/src/Illuminate/Database/Connection.php(344): Illuminate\\Database\\Connection->select('select exists (...', Array, true)
#3 /Users/eticajans/Desktop/Etic Ajans/Projeler/Mobil Uygulama/Emlak Script/vendor/laravel/framework/src/Illuminate/Database/Connection.php(361): Illuminate\\Database\\Connection->selectOne('select exists (...', Array, true)
#4 /Users/eticajans/Desktop/Etic Ajans/Projeler/Mobil Uygulama/Emlak Script/vendor/laravel/framework/src/Illuminate/Database/Schema/MySqlBuilder.php(45): Illuminate\\Database\\Connection->scalar('select exists (...')
#5 /Users/eticajans/Desktop/Etic Ajans/Projeler/Mobil Uygulama/Emlak Script/vendor/laravel/framework/src/Illuminate/Database/Migrations/DatabaseMigrationRepository.php(184): Illuminate\\Database\\Schema\\MySqlBuilder->hasTable('migrations')
#6 /Users/eticajans/Desktop/Etic Ajans/Projeler/Mobil Uygulama/Emlak Script/vendor/laravel/framework/src/Illuminate/Database/Migrations/Migrator.php(742): Illuminate\\Database\\Migrations\\DatabaseMigrationRepository->repositoryExists()
#7 /Users/eticajans/Desktop/Etic Ajans/Projeler/Mobil Uygulama/Emlak Script/vendor/laravel/framework/src/Illuminate/Database/Console/Migrations/MigrateCommand.php(165): Illuminate\\Database\\Migrations\\Migrator->repositoryExists()
#8 /Users/eticajans/Desktop/Etic Ajans/Projeler/Mobil Uygulama/Emlak Script/vendor/laravel/framework/src/Illuminate/Support/helpers.php(338): Illuminate\\Database\\Console\\Migrations\\MigrateCommand->Illuminate\\Database\\Console\\Migrations\\{closure}(1)
#9 /Users/eticajans/Desktop/Etic Ajans/Projeler/Mobil Uygulama/Emlak Script/vendor/laravel/framework/src/Illuminate/Database/Console/Migrations/MigrateCommand.php(165): retry(1, Object(Closure), 0, Object(Closure))
#10 /Users/eticajans/Desktop/Etic Ajans/Projeler/Mobil Uygulama/Emlak Script/vendor/laravel/framework/src/Illuminate/Database/Console/Migrations/MigrateCommand.php(141): Illuminate\\Database\\Console\\Migrations\\MigrateCommand->repositoryExists()
#11 /Users/eticajans/Desktop/Etic Ajans/Projeler/Mobil Uygulama/Emlak Script/vendor/laravel/framework/src/Illuminate/Database/Console/Migrations/MigrateCommand.php(111): Illuminate\\Database\\Console\\Migrations\\MigrateCommand->prepareDatabase()
#12 /Users/eticajans/Desktop/Etic Ajans/Projeler/Mobil Uygulama/Emlak Script/vendor/laravel/framework/src/Illuminate/Database/Migrations/Migrator.php(658): Illuminate\\Database\\Console\\Migrations\\MigrateCommand->Illuminate\\Database\\Console\\Migrations\\{closure}()
#13 /Users/eticajans/Desktop/Etic Ajans/Projeler/Mobil Uygulama/Emlak Script/vendor/laravel/framework/src/Illuminate/Database/Console/Migrations/MigrateCommand.php(110): Illuminate\\Database\\Migrations\\Migrator->usingConnection(NULL, Object(Closure))
#14 /Users/eticajans/Desktop/Etic Ajans/Projeler/Mobil Uygulama/Emlak Script/vendor/laravel/framework/src/Illuminate/Database/Console/Migrations/MigrateCommand.php(89): Illuminate\\Database\\Console\\Migrations\\MigrateCommand->runMigrations()
#15 /Users/eticajans/Desktop/Etic Ajans/Projeler/Mobil Uygulama/Emlak Script/vendor/laravel/framework/src/Illuminate/Container/BoundMethod.php(36): Illuminate\\Database\\Console\\Migrations\\MigrateCommand->handle()
#16 /Users/eticajans/Desktop/Etic Ajans/Projeler/Mobil Uygulama/Emlak Script/vendor/laravel/framework/src/Illuminate/Container/Util.php(43): Illuminate\\Container\\BoundMethod::Illuminate\\Container\\{closure}()
#17 /Users/eticajans/Desktop/Etic Ajans/Projeler/Mobil Uygulama/Emlak Script/vendor/laravel/framework/src/Illuminate/Container/BoundMethod.php(95): Illuminate\\Container\\Util::unwrapIfClosure(Object(Closure))
#18 /Users/eticajans/Desktop/Etic Ajans/Projeler/Mobil Uygulama/Emlak Script/vendor/laravel/framework/src/Illuminate/Container/BoundMethod.php(35): Illuminate\\Container\\BoundMethod::callBoundMethod(Object(Illuminate\\Foundation\\Application), Array, Object(Closure))
#19 /Users/eticajans/Desktop/Etic Ajans/Projeler/Mobil Uygulama/Emlak Script/vendor/laravel/framework/src/Illuminate/Container/Container.php(696): Illuminate\\Container\\BoundMethod::call(Object(Illuminate\\Foundation\\Application), Array, Array, NULL)
#20 /Users/eticajans/Desktop/Etic Ajans/Projeler/Mobil Uygulama/Emlak Script/vendor/laravel/framework/src/Illuminate/Console/Command.php(213): Illuminate\\Container\\Container->call(Array)
#21 /Users/eticajans/Desktop/Etic Ajans/Projeler/Mobil Uygulama/Emlak Script/vendor/symfony/console/Command/Command.php(318): Illuminate\\Console\\Command->execute(Object(Symfony\\Component\\Console\\Input\\ArgvInput), Object(Illuminate\\Console\\OutputStyle))
#22 /Users/eticajans/Desktop/Etic Ajans/Projeler/Mobil Uygulama/Emlak Script/vendor/laravel/framework/src/Illuminate/Console/Command.php(182): Symfony\\Component\\Console\\Command\\Command->run(Object(Symfony\\Component\\Console\\Input\\ArgvInput), Object(Illuminate\\Console\\OutputStyle))
#23 /Users/eticajans/Desktop/Etic Ajans/Projeler/Mobil Uygulama/Emlak Script/vendor/symfony/console/Application.php(1073): Illuminate\\Console\\Command->run(Object(Symfony\\Component\\Console\\Input\\ArgvInput), Object(Symfony\\Component\\Console\\Output\\ConsoleOutput))
#24 /Users/eticajans/Desktop/Etic Ajans/Projeler/Mobil Uygulama/Emlak Script/vendor/symfony/console/Application.php(356): Symfony\\Component\\Console\\Application->doRunCommand(Object(Illuminate\\Database\\Console\\Migrations\\MigrateCommand), Object(Symfony\\Component\\Console\\Input\\ArgvInput), Object(Symfony\\Component\\Console\\Output\\ConsoleOutput))
#25 /Users/eticajans/Desktop/Etic Ajans/Projeler/Mobil Uygulama/Emlak Script/vendor/symfony/console/Application.php(195): Symfony\\Component\\Console\\Application->doRun(Object(Symfony\\Component\\Console\\Input\\ArgvInput), Object(Symfony\\Component\\Console\\Output\\ConsoleOutput))
#26 /Users/eticajans/Desktop/Etic Ajans/Projeler/Mobil Uygulama/Emlak Script/vendor/laravel/framework/src/Illuminate/Foundation/Console/Kernel.php(198): Symfony\\Component\\Console\\Application->run(Object(Symfony\\Component\\Console\\Input\\ArgvInput), Object(Symfony\\Component\\Console\\Output\\ConsoleOutput))
#27 /Users/eticajans/Desktop/Etic Ajans/Projeler/Mobil Uygulama/Emlak Script/artisan(14): Illuminate\\Foundation\\Console\\Kernel->handle(Object(Symfony\\Component\\Console\\Input\\ArgvInput), Object(Symfony\\Component\\Console\\Output\\ConsoleOutput))
#28 {main}

[previous exception] [object] (PDOException(code: 1045): SQLSTATE[HY000] [1045] Access denied for user 'root'@'localhost' (using password: YES) at /Users/eticajans/Desktop/Etic Ajans/Projeler/Mobil Uygulama/Emlak Script/vendor/laravel/framework/src/Illuminate/Database/Connectors/Connector.php:66)
[stacktrace]
#0 /Users/eticajans/Desktop/Etic Ajans/Projeler/Mobil Uygulama/Emlak Script/vendor/laravel/framework/src/Illuminate/Database/Connectors/Connector.php(66): PDO->__construct('mysql:host=127....', 'root', Object(SensitiveParameterValue), Array)
#1 /Users/eticajans/Desktop/Etic Ajans/Projeler/Mobil Uygulama/Emlak Script/vendor/laravel/framework/src/Illuminate/Database/Connectors/Connector.php(44): Illuminate\\Database\\Connectors\\Connector->createPdoConnection('mysql:host=127....', 'root', Object(SensitiveParameterValue), Array)
#2 /Users/eticajans/Desktop/Etic Ajans/Projeler/Mobil Uygulama/Emlak Script/vendor/laravel/framework/src/Illuminate/Database/Connectors/MySqlConnector.php(24): Illuminate\\Database\\Connectors\\Connector->createConnection('mysql:host=127....', Array, Array)
#3 /Users/eticajans/Desktop/Etic Ajans/Projeler/Mobil Uygulama/Emlak Script/vendor/laravel/framework/src/Illuminate/Database/Connectors/ConnectionFactory.php(185): Illuminate\\Database\\Connectors\\MySqlConnector->connect(Array)
#4 [internal function]: Illuminate\\Database\\Connectors\\ConnectionFactory->Illuminate\\Database\\Connectors\\{closure}()
#5 /Users/eticajans/Desktop/Etic Ajans/Projeler/Mobil Uygulama/Emlak Script/vendor/laravel/framework/src/Illuminate/Database/Connection.php(1231): call_user_func(Object(Closure))
#6 /Users/eticajans/Desktop/Etic Ajans/Projeler/Mobil Uygulama/Emlak Script/vendor/laravel/framework/src/Illuminate/Database/Connection.php(1267): Illuminate\\Database\\Connection->getPdo()
#7 /Users/eticajans/Desktop/Etic Ajans/Projeler/Mobil Uygulama/Emlak Script/vendor/laravel/framework/src/Illuminate/Database/Connection.php(512): Illuminate\\Database\\Connection->getReadPdo()
#8 /Users/eticajans/Desktop/Etic Ajans/Projeler/Mobil Uygulama/Emlak Script/vendor/laravel/framework/src/Illuminate/Database/Connection.php(407): Illuminate\\Database\\Connection->getPdoForSelect(true)
#9 /Users/eticajans/Desktop/Etic Ajans/Projeler/Mobil Uygulama/Emlak Script/vendor/laravel/framework/src/Illuminate/Database/Connection.php(812): Illuminate\\Database\\Connection->Illuminate\\Database\\{closure}('select exists (...', Array)
#10 /Users/eticajans/Desktop/Etic Ajans/Projeler/Mobil Uygulama/Emlak Script/vendor/laravel/framework/src/Illuminate/Database/Connection.php(779): Illuminate\\Database\\Connection->runQueryCallback('select exists (...', Array, Object(Closure))
#11 /Users/eticajans/Desktop/Etic Ajans/Projeler/Mobil Uygulama/Emlak Script/vendor/laravel/framework/src/Illuminate/Database/Connection.php(398): Illuminate\\Database\\Connection->run('select exists (...', Array, Object(Closure))
#12 /Users/eticajans/Desktop/Etic Ajans/Projeler/Mobil Uygulama/Emlak Script/vendor/laravel/framework/src/Illuminate/Database/Connection.php(344): Illuminate\\Database\\Connection->select('select exists (...', Array, true)
#13 /Users/eticajans/Desktop/Etic Ajans/Projeler/Mobil Uygulama/Emlak Script/vendor/laravel/framework/src/Illuminate/Database/Connection.php(361): Illuminate\\Database\\Connection->selectOne('select exists (...', Array, true)
#14 /Users/eticajans/Desktop/Etic Ajans/Projeler/Mobil Uygulama/Emlak Script/vendor/laravel/framework/src/Illuminate/Database/Schema/MySqlBuilder.php(45): Illuminate\\Database\\Connection->scalar('select exists (...')
#15 /Users/eticajans/Desktop/Etic Ajans/Projeler/Mobil Uygulama/Emlak Script/vendor/laravel/framework/src/Illuminate/Database/Migrations/DatabaseMigrationRepository.php(184): Illuminate\\Database\\Schema\\MySqlBuilder->hasTable('migrations')
#16 /Users/eticajans/Desktop/Etic Ajans/Projeler/Mobil Uygulama/Emlak Script/vendor/laravel/framework/src/Illuminate/Database/Migrations/Migrator.php(742): Illuminate\\Database\\Migrations\\DatabaseMigrationRepository->repositoryExists()
#17 /Users/eticajans/Desktop/Etic Ajans/Projeler/Mobil Uygulama/Emlak Script/vendor/laravel/framework/src/Illuminate/Database/Console/Migrations/MigrateCommand.php(165): Illuminate\\Database\\Migrations\\Migrator->repositoryExists()
#18 /Users/eticajans/Desktop/Etic Ajans/Projeler/Mobil Uygulama/Emlak Script/vendor/laravel/framework/src/Illuminate/Support/helpers.php(338): Illuminate\\Database\\Console\\Migrations\\MigrateCommand->Illuminate\\Database\\Console\\Migrations\\{closure}(1)
#19 /Users/eticajans/Desktop/Etic Ajans/Projeler/Mobil Uygulama/Emlak Script/vendor/laravel/framework/src/Illuminate/Database/Console/Migrations/MigrateCommand.php(165): retry(1, Object(Closure), 0, Object(Closure))
#20 /Users/eticajans/Desktop/Etic Ajans/Projeler/Mobil Uygulama/Emlak Script/vendor/laravel/framework/src/Illuminate/Database/Console/Migrations/MigrateCommand.php(141): Illuminate\\Database\\Console\\Migrations\\MigrateCommand->repositoryExists()
#21 /Users/eticajans/Desktop/Etic Ajans/Projeler/Mobil Uygulama/Emlak Script/vendor/laravel/framework/src/Illuminate/Database/Console/Migrations/MigrateCommand.php(111): Illuminate\\Database\\Console\\Migrations\\MigrateCommand->prepareDatabase()
#22 /Users/eticajans/Desktop/Etic Ajans/Projeler/Mobil Uygulama/Emlak Script/vendor/laravel/framework/src/Illuminate/Database/Migrations/Migrator.php(658): Illuminate\\Database\\Console\\Migrations\\MigrateCommand->Illuminate\\Database\\Console\\Migrations\\{closure}()
#23 /Users/eticajans/Desktop/Etic Ajans/Projeler/Mobil Uygulama/Emlak Script/vendor/laravel/framework/src/Illuminate/Database/Console/Migrations/MigrateCommand.php(110): Illuminate\\Database\\Migrations\\Migrator->usingConnection(NULL, Object(Closure))
#24 /Users/eticajans/Desktop/Etic Ajans/Projeler/Mobil Uygulama/Emlak Script/vendor/laravel/framework/src/Illuminate/Database/Console/Migrations/MigrateCommand.php(89): Illuminate\\Database\\Console\\Migrations\\MigrateCommand->runMigrations()
#25 /Users/eticajans/Desktop/Etic Ajans/Projeler/Mobil Uygulama/Emlak Script/vendor/laravel/framework/src/Illuminate/Container/BoundMethod.php(36): Illuminate\\Database\\Console\\Migrations\\MigrateCommand->handle()
#26 /Users/eticajans/Desktop/Etic Ajans/Projeler/Mobil Uygulama/Emlak Script/vendor/laravel/framework/src/Illuminate/Container/Util.php(43): Illuminate\\Container\\BoundMethod::Illuminate\\Container\\{closure}()
#27 /Users/eticajans/Desktop/Etic Ajans/Projeler/Mobil Uygulama/Emlak Script/vendor/laravel/framework/src/Illuminate/Container/BoundMethod.php(95): Illuminate\\Container\\Util::unwrapIfClosure(Object(Closure))
#28 /Users/eticajans/Desktop/Etic Ajans/Projeler/Mobil Uygulama/Emlak Script/vendor/laravel/framework/src/Illuminate/Container/BoundMethod.php(35): Illuminate\\Container\\BoundMethod::callBoundMethod(Object(Illuminate\\Foundation\\Application), Array, Object(Closure))
#29 /Users/eticajans/Desktop/Etic Ajans/Projeler/Mobil Uygulama/Emlak Script/vendor/laravel/framework/src/Illuminate/Container/Container.php(696): Illuminate\\Container\\BoundMethod::call(Object(Illuminate\\Foundation\\Application), Array, Array, NULL)
#30 /Users/eticajans/Desktop/Etic Ajans/Projeler/Mobil Uygulama/Emlak Script/vendor/laravel/framework/src/Illuminate/Console/Command.php(213): Illuminate\\Container\\Container->call(Array)
#31 /Users/eticajans/Desktop/Etic Ajans/Projeler/Mobil Uygulama/Emlak Script/vendor/symfony/console/Command/Command.php(318): Illuminate\\Console\\Command->execute(Object(Symfony\\Component\\Console\\Input\\ArgvInput), Object(Illuminate\\Console\\OutputStyle))
#32 /Users/eticajans/Desktop/Etic Ajans/Projeler/Mobil Uygulama/Emlak Script/vendor/laravel/framework/src/Illuminate/Console/Command.php(182): Symfony\\Component\\Console\\Command\\Command->run(Object(Symfony\\Component\\Console\\Input\\ArgvInput), Object(Illuminate\\Console\\OutputStyle))
#33 /Users/eticajans/Desktop/Etic Ajans/Projeler/Mobil Uygulama/Emlak Script/vendor/symfony/console/Application.php(1073): Illuminate\\Console\\Command->run(Object(Symfony\\Component\\Console\\Input\\ArgvInput), Object(Symfony\\Component\\Console\\Output\\ConsoleOutput))
#34 /Users/eticajans/Desktop/Etic Ajans/Projeler/Mobil Uygulama/Emlak Script/vendor/symfony/console/Application.php(356): Symfony\\Component\\Console\\Application->doRunCommand(Object(Illuminate\\Database\\Console\\Migrations\\MigrateCommand), Object(Symfony\\Component\\Console\\Input\\ArgvInput), Object(Symfony\\Component\\Console\\Output\\ConsoleOutput))
#35 /Users/eticajans/Desktop/Etic Ajans/Projeler/Mobil Uygulama/Emlak Script/vendor/symfony/console/Application.php(195): Symfony\\Component\\Console\\Application->doRun(Object(Symfony\\Component\\Console\\Input\\ArgvInput), Object(Symfony\\Component\\Console\\Output\\ConsoleOutput))
#36 /Users/eticajans/Desktop/Etic Ajans/Projeler/Mobil Uygulama/Emlak Script/vendor/laravel/framework/src/Illuminate/Foundation/Console/Kernel.php(198): Symfony\\Component\\Console\\Application->run(Object(Symfony\\Component\\Console\\Input\\ArgvInput), Object(Symfony\\Component\\Console\\Output\\ConsoleOutput))
#37 /Users/eticajans/Desktop/Etic Ajans/Projeler/Mobil Uygulama/Emlak Script/artisan(14): Illuminate\\Foundation\\Console\\Kernel->handle(Object(Symfony\\Component\\Console\\Input\\ArgvInput), Object(Symfony\\Component\\Console\\Output\\ConsoleOutput))
#38 {main}
"} 
[2025-11-24 23:38:27] local.ERROR: Call to undefined method App\Http\Controllers\ListingController::authorize() {"userId":1,"exception":"[object] (Error(code: 0): Call to undefined method App\\Http\\Controllers\\ListingController::authorize() at /Users/eticajans/Desktop/Etic Ajans/Projeler/Mobil Uygulama/Emlak Script/app/Http/Controllers/ListingController.php:110)
[stacktrace]
#0 /Users/eticajans/Desktop/Etic Ajans/Projeler/Mobil Uygulama/Emlak Script/vendor/laravel/framework/src/Illuminate/Routing/ControllerDispatcher.php(47): App\\Http\\Controllers\\ListingController->edit(Object(App\\Models\\Listing))
#1 /Users/eticajans/Desktop/Etic Ajans/Projeler/Mobil Uygulama/Emlak Script/vendor/laravel/framework/src/Illuminate/Routing/Route.php(266): Illuminate\\Routing\\ControllerDispatcher->dispatch(Object(Illuminate\\Routing\\Route), Object(App\\Http\\Controllers\\ListingController), 'edit')
#2 /Users/eticajans/Desktop/Etic Ajans/Projeler/Mobil Uygulama/Emlak Script/vendor/laravel/framework/src/Illuminate/Routing/Route.php(212): Illuminate\\Routing\\Route->runController()
#3 /Users/eticajans/Desktop/Etic Ajans/Projeler/Mobil Uygulama/Emlak Script/vendor/laravel/framework/src/Illuminate/Routing/Router.php(808): Illuminate\\Routing\\Route->run()
#4 /Users/eticajans/Desktop/Etic Ajans/Projeler/Mobil Uygulama/Emlak Script/vendor/laravel/framework/src/Illuminate/Pipeline/Pipeline.php(170): Illuminate\\Routing\\Router->Illuminate\\Routing\\{closure}(Object(Illuminate\\Http\\Request))
#5 /Users/eticajans/Desktop/Etic Ajans/Projeler/Mobil Uygulama/Emlak Script/vendor/laravel/framework/src/Illuminate/Routing/Middleware/SubstituteBindings.php(51): Illuminate\\Pipeline\\Pipeline->Illuminate\\Pipeline\\{closure}(Object(Illuminate\\Http\\Request))
#6 /Users/eticajans/Desktop/Etic Ajans/Projeler/Mobil Uygulama/Emlak Script/vendor/laravel/framework/src/Illuminate/Pipeline/Pipeline.php(209): Illuminate\\Routing\\Middleware\\SubstituteBindings->handle(Object(Illuminate\\Http\\Request), Object(Closure))
#7 /Users/eticajans/Desktop/Etic Ajans/Projeler/Mobil Uygulama/Emlak Script/vendor/laravel/framework/src/Illuminate/Auth/Middleware/Authenticate.php(64): Illuminate\\Pipeline\\Pipeline->Illuminate\\Pipeline\\{closure}(Object(Illuminate\\Http\\Request))
#8 /Users/eticajans/Desktop/Etic Ajans/Projeler/Mobil Uygulama/Emlak Script/vendor/laravel/framework/src/Illuminate/Pipeline/Pipeline.php(209): Illuminate\\Auth\\Middleware\\Authenticate->handle(Object(Illuminate\\Http\\Request), Object(Closure))
#9 /Users/eticajans/Desktop/Etic Ajans/Projeler/Mobil Uygulama/Emlak Script/vendor/laravel/framework/src/Illuminate/Foundation/Http/Middleware/VerifyCsrfToken.php(88): Illuminate\\Pipeline\\Pipeline->Illuminate\\Pipeline\\{closure}(Object(Illuminate\\Http\\Request))
#10 /Users/eticajans/Desktop/Etic Ajans/Projeler/Mobil Uygulama/Emlak Script/vendor/laravel/framework/src/Illuminate/Pipeline/Pipeline.php(209): Illuminate\\Foundation\\Http\\Middleware\\VerifyCsrfToken->handle(Object(Illuminate\\Http\\Request), Object(Closure))
#11 /Users/eticajans/Desktop/Etic Ajans/Projeler/Mobil Uygulama/Emlak Script/vendor/laravel/framework/src/Illuminate/View/Middleware/ShareErrorsFromSession.php(49): Illuminate\\Pipeline\\Pipeline->Illuminate\\Pipeline\\{closure}(Object(Illuminate\\Http\\Request))
#12 /Users/eticajans/Desktop/Etic Ajans/Projeler/Mobil Uygulama/Emlak Script/vendor/laravel/framework/src/Illuminate/Pipeline/Pipeline.php(209): Illuminate\\View\\Middleware\\ShareErrorsFromSession->handle(Object(Illuminate\\Http\\Request), Object(Closure))
#13 /Users/eticajans/Desktop/Etic Ajans/Projeler/Mobil Uygulama/Emlak Script/vendor/laravel/framework/src/Illuminate/Session/Middleware/StartSession.php(121): Illuminate\\Pipeline\\Pipeline->Illuminate\\Pipeline\\{closure}(Object(Illuminate\\Http\\Request))
#14 /Users/eticajans/Desktop/Etic Ajans/Projeler/Mobil Uygulama/Emlak Script/vendor/laravel/framework/src/Illuminate/Session/Middleware/StartSession.php(64): Illuminate\\Session\\Middleware\\StartSession->handleStatefulRequest(Object(Illuminate\\Http\\Request), Object(Illuminate\\Session\\Store), Object(Closure))
#15 /Users/eticajans/Desktop/Etic Ajans/Projeler/Mobil Uygulama/Emlak Script/vendor/laravel/framework/src/Illuminate/Pipeline/Pipeline.php(209): Illuminate\\Session\\Middleware\\StartSession->handle(Object(Illuminate\\Http\\Request), Object(Closure))
#16 /Users/eticajans/Desktop/Etic Ajans/Projeler/Mobil Uygulama/Emlak Script/vendor/laravel/framework/src/Illuminate/Cookie/Middleware/AddQueuedCookiesToResponse.php(37): Illuminate\\Pipeline\\Pipeline->Illuminate\\Pipeline\\{closure}(Object(Illuminate\\Http\\Request))
#17 /Users/eticajans/Desktop/Etic Ajans/Projeler/Mobil Uygulama/Emlak Script/vendor/laravel/framework/src/Illuminate/Pipeline/Pipeline.php(209): Illuminate\\Cookie\\Middleware\\AddQueuedCookiesToResponse->handle(Object(Illuminate\\Http\\Request), Object(Closure))
#18 /Users/eticajans/Desktop/Etic Ajans/Projeler/Mobil Uygulama/Emlak Script/vendor/laravel/framework/src/Illuminate/Cookie/Middleware/EncryptCookies.php(75): Illuminate\\Pipeline\\Pipeline->Illuminate\\Pipeline\\{closure}(Object(Illuminate\\Http\\Request))
#19 /Users/eticajans/Desktop/Etic Ajans/Projeler/Mobil Uygulama/Emlak Script/vendor/laravel/framework/src/Illuminate/Pipeline/Pipeline.php(209): Illuminate\\Cookie\\Middleware\\EncryptCookies->handle(Object(Illuminate\\Http\\Request), Object(Closure))
#20 /Users/eticajans/Desktop/Etic Ajans/Projeler/Mobil Uygulama/Emlak Script/vendor/laravel/framework/src/Illuminate/Pipeline/Pipeline.php(127): Illuminate\\Pipeline\\Pipeline->Illuminate\\Pipeline\\{closure}(Object(Illuminate\\Http\\Request))
#21 /Users/eticajans/Desktop/Etic Ajans/Projeler/Mobil Uygulama/Emlak Script/vendor/laravel/framework/src/Illuminate/Routing/Router.php(807): Illuminate\\Pipeline\\Pipeline->then(Object(Closure))
#22 /Users/eticajans/Desktop/Etic Ajans/Projeler/Mobil Uygulama/Emlak Script/vendor/laravel/framework/src/Illuminate/Routing/Router.php(786): Illuminate\\Routing\\Router->runRouteWithinStack(Object(Illuminate\\Routing\\Route), Object(Illuminate\\Http\\Request))
#23 /Users/eticajans/Desktop/Etic Ajans/Projeler/Mobil Uygulama/Emlak Script/vendor/laravel/framework/src/Illuminate/Routing/Router.php(750): Illuminate\\Routing\\Router->runRoute(Object(Illuminate\\Http\\Request), Object(Illuminate\\Routing\\Route))
#24 /Users/eticajans/Desktop/Etic Ajans/Projeler/Mobil Uygulama/Emlak Script/vendor/laravel/framework/src/Illuminate/Routing/Router.php(739): Illuminate\\Routing\\Router->dispatchToRoute(Object(Illuminate\\Http\\Request))
#25 /Users/eticajans/Desktop/Etic Ajans/Projeler/Mobil Uygulama/Emlak Script/vendor/laravel/framework/src/Illuminate/Foundation/Http/Kernel.php(201): Illuminate\\Routing\\Router->dispatch(Object(Illuminate\\Http\\Request))
#26 /Users/eticajans/Desktop/Etic Ajans/Projeler/Mobil Uygulama/Emlak Script/vendor/laravel/framework/src/Illuminate/Pipeline/Pipeline.php(170): Illuminate\\Foundation\\Http\\Kernel->Illuminate\\Foundation\\Http\\{closure}(Object(Illuminate\\Http\\Request))
#27 /Users/eticajans/Desktop/Etic Ajans/Projeler/Mobil Uygulama/Emlak Script/vendor/laravel/framework/src/Illuminate/Foundation/Http/Middleware/TransformsRequest.php(21): Illuminate\\Pipeline\\Pipeline->Illuminate\\Pipeline\\{closure}(Object(Illuminate\\Http\\Request))
#28 /Users/eticajans/Desktop/Etic Ajans/Projeler/Mobil Uygulama/Emlak Script/vendor/laravel/framework/src/Illuminate/Foundation/Http/Middleware/ConvertEmptyStringsToNull.php(31): Illuminate\\Foundation\\Http\\Middleware\\TransformsRequest->handle(Object(Illuminate\\Http\\Request), Object(Closure))
#29 /Users/eticajans/Desktop/Etic Ajans/Projeler/Mobil Uygulama/Emlak Script/vendor/laravel/framework/src/Illuminate/Pipeline/Pipeline.php(209): Illuminate\\Foundation\\Http\\Middleware\\ConvertEmptyStringsToNull->handle(Object(Illuminate\\Http\\Request), Object(Closure))
#30 /Users/eticajans/Desktop/Etic Ajans/Projeler/Mobil Uygulama/Emlak Script/vendor/laravel/framework/src/Illuminate/Foundation/Http/Middleware/TransformsRequest.php(21): Illuminate\\Pipeline\\Pipeline->Illuminate\\Pipeline\\{closure}(Object(Illuminate\\Http\\Request))
#31 /Users/eticajans/Desktop/Etic Ajans/Projeler/Mobil Uygulama/Emlak Script/vendor/laravel/framework/src/Illuminate/Foundation/Http/Middleware/TrimStrings.php(51): Illuminate\\Foundation\\Http\\Middleware\\TransformsRequest->handle(Object(Illuminate\\Http\\Request), Object(Closure))
#32 /Users/eticajans/Desktop/Etic Ajans/Projeler/Mobil Uygulama/Emlak Script/vendor/laravel/framework/src/Illuminate/Pipeline/Pipeline.php(209): Illuminate\\Foundation\\Http\\Middleware\\TrimStrings->handle(Object(Illuminate\\Http\\Request), Object(Closure))
#33 /Users/eticajans/Desktop/Etic Ajans/Projeler/Mobil Uygulama/Emlak Script/vendor/laravel/framework/src/Illuminate/Http/Middleware/ValidatePostSize.php(27): Illuminate\\Pipeline\\Pipeline->Illuminate\\Pipeline\\{closure}(Object(Illuminate\\Http\\Request))
#34 /Users/eticajans/Desktop/Etic Ajans/Projeler/Mobil Uygulama/Emlak Script/vendor/laravel/framework/src/Illuminate/Pipeline/Pipeline.php(209): Illuminate\\Http\\Middleware\\ValidatePostSize->handle(Object(Illuminate\\Http\\Request), Object(Closure))
#35 /Users/eticajans/Desktop/Etic Ajans/Projeler/Mobil Uygulama/Emlak Script/vendor/laravel/framework/src/Illuminate/Foundation/Http/Middleware/PreventRequestsDuringMaintenance.php(110): Illuminate\\Pipeline\\Pipeline->Illuminate\\Pipeline\\{closure}(Object(Illuminate\\Http\\Request))
#36 /Users/eticajans/Desktop/Etic Ajans/Projeler/Mobil Uygulama/Emlak Script/vendor/laravel/framework/src/Illuminate/Pipeline/Pipeline.php(209): Illuminate\\Foundation\\Http\\Middleware\\PreventRequestsDuringMaintenance->handle(Object(Illuminate\\Http\\Request), Object(Closure))
#37 /Users/eticajans/Desktop/Etic Ajans/Projeler/Mobil Uygulama/Emlak Script/vendor/laravel/framework/src/Illuminate/Http/Middleware/HandleCors.php(49): Illuminate\\Pipeline\\Pipeline->Illuminate\\Pipeline\\{closure}(Object(Illuminate\\Http\\Request))
#38 /Users/eticajans/Desktop/Etic Ajans/Projeler/Mobil Uygulama/Emlak Script/vendor/laravel/framework/src/Illuminate/Pipeline/Pipeline.php(209): Illuminate\\Http\\Middleware\\HandleCors->handle(Object(Illuminate\\Http\\Request), Object(Closure))
#39 /Users/eticajans/Desktop/Etic Ajans/Projeler/Mobil Uygulama/Emlak Script/vendor/laravel/framework/src/Illuminate/Http/Middleware/TrustProxies.php(58): Illuminate\\Pipeline\\Pipeline->Illuminate\\Pipeline\\{closure}(Object(Illuminate\\Http\\Request))
#40 /Users/eticajans/Desktop/Etic Ajans/Projeler/Mobil Uygulama/Emlak Script/vendor/laravel/framework/src/Illuminate/Pipeline/Pipeline.php(209): Illuminate\\Http\\Middleware\\TrustProxies->handle(Object(Illuminate\\Http\\Request), Object(Closure))
#41 /Users/eticajans/Desktop/Etic Ajans/Projeler/Mobil Uygulama/Emlak Script/vendor/laravel/framework/src/Illuminate/Foundation/Http/Middleware/InvokeDeferredCallbacks.php(22): Illuminate\\Pipeline\\Pipeline->Illuminate\\Pipeline\\{closure}(Object(Illuminate\\Http\\Request))
#42 /Users/eticajans/Desktop/Etic Ajans/Projeler/Mobil Uygulama/Emlak Script/vendor/laravel/framework/src/Illuminate/Pipeline/Pipeline.php(209): Illuminate\\Foundation\\Http\\Middleware\\InvokeDeferredCallbacks->handle(Object(Illuminate\\Http\\Request), Object(Closure))
#43 /Users/eticajans/Desktop/Etic Ajans/Projeler/Mobil Uygulama/Emlak Script/vendor/laravel/framework/src/Illuminate/Pipeline/Pipeline.php(127): Illuminate\\Pipeline\\Pipeline->Illuminate\\Pipeline\\{closure}(Object(Illuminate\\Http\\Request))
#44 /Users/eticajans/Desktop/Etic Ajans/Projeler/Mobil Uygulama/Emlak Script/vendor/laravel/framework/src/Illuminate/Foundation/Http/Kernel.php(176): Illuminate\\Pipeline\\Pipeline->then(Object(Closure))
#45 /Users/eticajans/Desktop/Etic Ajans/Projeler/Mobil Uygulama/Emlak Script/vendor/laravel/framework/src/Illuminate/Foundation/Http/Kernel.php(145): Illuminate\\Foundation\\Http\\Kernel->sendRequestThroughRouter(Object(Illuminate\\Http\\Request))
#46 /Users/eticajans/Desktop/Etic Ajans/Projeler/Mobil Uygulama/Emlak Script/vendor/laravel/framework/src/Illuminate/Foundation/Application.php(1220): Illuminate\\Foundation\\Http\\Kernel->handle(Object(Illuminate\\Http\\Request))
#47 /Users/eticajans/Desktop/Etic Ajans/Projeler/Mobil Uygulama/Emlak Script/public/index.php(17): Illuminate\\Foundation\\Application->handleRequest(Object(Illuminate\\Http\\Request))
#48 /Users/eticajans/Desktop/Etic Ajans/Projeler/Mobil Uygulama/Emlak Script/vendor/laravel/framework/src/Illuminate/Foundation/resources/server.php(23): require_once('/Users/eticajan...')
#49 {main}
"} 
[2025-11-25 01:32:44] local.ERROR: Call to undefined method App\Http\Controllers\ListingController::authorize() {"userId":1,"exception":"[object] (Error(code: 0): Call to undefined method App\\Http\\Controllers\\ListingController::authorize() at /Users/eticajans/Desktop/Etic Ajans/Projeler/Mobil Uygulama/Emlak Script/app/Http/Controllers/ListingController.php:110)
[stacktrace]
#0 /Users/eticajans/Desktop/Etic Ajans/Projeler/Mobil Uygulama/Emlak Script/vendor/laravel/framework/src/Illuminate/Routing/ControllerDispatcher.php(47): App\\Http\\Controllers\\ListingController->edit(Object(App\\Models\\Listing))
#1 /Users/eticajans/Desktop/Etic Ajans/Projeler/Mobil Uygulama/Emlak Script/vendor/laravel/framework/src/Illuminate/Routing/Route.php(266): Illuminate\\Routing\\ControllerDispatcher->dispatch(Object(Illuminate\\Routing\\Route), Object(App\\Http\\Controllers\\ListingController), 'edit')
#2 /Users/eticajans/Desktop/Etic Ajans/Projeler/Mobil Uygulama/Emlak Script/vendor/laravel/framework/src/Illuminate/Routing/Route.php(212): Illuminate\\Routing\\Route->runController()
#3 /Users/eticajans/Desktop/Etic Ajans/Projeler/Mobil Uygulama/Emlak Script/vendor/laravel/framework/src/Illuminate/Routing/Router.php(808): Illuminate\\Routing\\Route->run()
#4 /Users/eticajans/Desktop/Etic Ajans/Projeler/Mobil Uygulama/Emlak Script/vendor/laravel/framework/src/Illuminate/Pipeline/Pipeline.php(170): Illuminate\\Routing\\Router->Illuminate\\Routing\\{closure}(Object(Illuminate\\Http\\Request))
#5 /Users/eticajans/Desktop/Etic Ajans/Projeler/Mobil Uygulama/Emlak Script/vendor/laravel/framework/src/Illuminate/Routing/Middleware/SubstituteBindings.php(51): Illuminate\\Pipeline\\Pipeline->Illuminate\\Pipeline\\{closure}(Object(Illuminate\\Http\\Request))
#6 /Users/eticajans/Desktop/Etic Ajans/Projeler/Mobil Uygulama/Emlak Script/vendor/laravel/framework/src/Illuminate/Pipeline/Pipeline.php(209): Illuminate\\Routing\\Middleware\\SubstituteBindings->handle(Object(Illuminate\\Http\\Request), Object(Closure))
#7 /Users/eticajans/Desktop/Etic Ajans/Projeler/Mobil Uygulama/Emlak Script/vendor/laravel/framework/src/Illuminate/Auth/Middleware/Authenticate.php(64): Illuminate\\Pipeline\\Pipeline->Illuminate\\Pipeline\\{closure}(Object(Illuminate\\Http\\Request))
#8 /Users/eticajans/Desktop/Etic Ajans/Projeler/Mobil Uygulama/Emlak Script/vendor/laravel/framework/src/Illuminate/Pipeline/Pipeline.php(209): Illuminate\\Auth\\Middleware\\Authenticate->handle(Object(Illuminate\\Http\\Request), Object(Closure))
#9 /Users/eticajans/Desktop/Etic Ajans/Projeler/Mobil Uygulama/Emlak Script/vendor/laravel/framework/src/Illuminate/Foundation/Http/Middleware/VerifyCsrfToken.php(88): Illuminate\\Pipeline\\Pipeline->Illuminate\\Pipeline\\{closure}(Object(Illuminate\\Http\\Request))
#10 /Users/eticajans/Desktop/Etic Ajans/Projeler/Mobil Uygulama/Emlak Script/vendor/laravel/framework/src/Illuminate/Pipeline/Pipeline.php(209): Illuminate\\Foundation\\Http\\Middleware\\VerifyCsrfToken->handle(Object(Illuminate\\Http\\Request), Object(Closure))
#11 /Users/eticajans/Desktop/Etic Ajans/Projeler/Mobil Uygulama/Emlak Script/vendor/laravel/framework/src/Illuminate/View/Middleware/ShareErrorsFromSession.php(49): Illuminate\\Pipeline\\Pipeline->Illuminate\\Pipeline\\{closure}(Object(Illuminate\\Http\\Request))
#12 /Users/eticajans/Desktop/Etic Ajans/Projeler/Mobil Uygulama/Emlak Script/vendor/laravel/framework/src/Illuminate/Pipeline/Pipeline.php(209): Illuminate\\View\\Middleware\\ShareErrorsFromSession->handle(Object(Illuminate\\Http\\Request), Object(Closure))
#13 /Users/eticajans/Desktop/Etic Ajans/Projeler/Mobil Uygulama/Emlak Script/vendor/laravel/framework/src/Illuminate/Session/Middleware/StartSession.php(121): Illuminate\\Pipeline\\Pipeline->Illuminate\\Pipeline\\{closure}(Object(Illuminate\\Http\\Request))
#14 /Users/eticajans/Desktop/Etic Ajans/Projeler/Mobil Uygulama/Emlak Script/vendor/laravel/framework/src/Illuminate/Session/Middleware/StartSession.php(64): Illuminate\\Session\\Middleware\\StartSession->handleStatefulRequest(Object(Illuminate\\Http\\Request), Object(Illuminate\\Session\\Store), Object(Closure))
#15 /Users/eticajans/Desktop/Etic Ajans/Projeler/Mobil Uygulama/Emlak Script/vendor/laravel/framework/src/Illuminate/Pipeline/Pipeline.php(209): Illuminate\\Session\\Middleware\\StartSession->handle(Object(Illuminate\\Http\\Request), Object(Closure))
#16 /Users/eticajans/Desktop/Etic Ajans/Projeler/Mobil Uygulama/Emlak Script/vendor/laravel/framework/src/Illuminate/Cookie/Middleware/AddQueuedCookiesToResponse.php(37): Illuminate\\Pipeline\\Pipeline->Illuminate\\Pipeline\\{closure}(Object(Illuminate\\Http\\Request))
#17 /Users/eticajans/Desktop/Etic Ajans/Projeler/Mobil Uygulama/Emlak Script/vendor/laravel/framework/src/Illuminate/Pipeline/Pipeline.php(209): Illuminate\\Cookie\\Middleware\\AddQueuedCookiesToResponse->handle(Object(Illuminate\\Http\\Request), Object(Closure))
#18 /Users/eticajans/Desktop/Etic Ajans/Projeler/Mobil Uygulama/Emlak Script/vendor/laravel/framework/src/Illuminate/Cookie/Middleware/EncryptCookies.php(75): Illuminate\\Pipeline\\Pipeline->Illuminate\\Pipeline\\{closure}(Object(Illuminate\\Http\\Request))
#19 /Users/eticajans/Desktop/Etic Ajans/Projeler/Mobil Uygulama/Emlak Script/vendor/laravel/framework/src/Illuminate/Pipeline/Pipeline.php(209): Illuminate\\Cookie\\Middleware\\EncryptCookies->handle(Object(Illuminate\\Http\\Request), Object(Closure))
#20 /Users/eticajans/Desktop/Etic Ajans/Projeler/Mobil Uygulama/Emlak Script/vendor/laravel/framework/src/Illuminate/Pipeline/Pipeline.php(127): Illuminate\\Pipeline\\Pipeline->Illuminate\\Pipeline\\{closure}(Object(Illuminate\\Http\\Request))
#21 /Users/eticajans/Desktop/Etic Ajans/Projeler/Mobil Uygulama/Emlak Script/vendor/laravel/framework/src/Illuminate/Routing/Router.php(807): Illuminate\\Pipeline\\Pipeline->then(Object(Closure))
#22 /Users/eticajans/Desktop/Etic Ajans/Projeler/Mobil Uygulama/Emlak Script/vendor/laravel/framework/src/Illuminate/Routing/Router.php(786): Illuminate\\Routing\\Router->runRouteWithinStack(Object(Illuminate\\Routing\\Route), Object(Illuminate\\Http\\Request))
#23 /Users/eticajans/Desktop/Etic Ajans/Projeler/Mobil Uygulama/Emlak Script/vendor/laravel/framework/src/Illuminate/Routing/Router.php(750): Illuminate\\Routing\\Router->runRoute(Object(Illuminate\\Http\\Request), Object(Illuminate\\Routing\\Route))
#24 /Users/eticajans/Desktop/Etic Ajans/Projeler/Mobil Uygulama/Emlak Script/vendor/laravel/framework/src/Illuminate/Routing/Router.php(739): Illuminate\\Routing\\Router->dispatchToRoute(Object(Illuminate\\Http\\Request))
#25 /Users/eticajans/Desktop/Etic Ajans/Projeler/Mobil Uygulama/Emlak Script/vendor/laravel/framework/src/Illuminate/Foundation/Http/Kernel.php(201): Illuminate\\Routing\\Router->dispatch(Object(Illuminate\\Http\\Request))
#26 /Users/eticajans/Desktop/Etic Ajans/Projeler/Mobil Uygulama/Emlak Script/vendor/laravel/framework/src/Illuminate/Pipeline/Pipeline.php(170): Illuminate\\Foundation\\Http\\Kernel->Illuminate\\Foundation\\Http\\{closure}(Object(Illuminate\\Http\\Request))
#27 /Users/eticajans/Desktop/Etic Ajans/Projeler/Mobil Uygulama/Emlak Script/vendor/laravel/framework/src/Illuminate/Foundation/Http/Middleware/TransformsRequest.php(21): Illuminate\\Pipeline\\Pipeline->Illuminate\\Pipeline\\{closure}(Object(Illuminate\\Http\\Request))
#28 /Users/eticajans/Desktop/Etic Ajans/Projeler/Mobil Uygulama/Emlak Script/vendor/laravel/framework/src/Illuminate/Foundation/Http/Middleware/ConvertEmptyStringsToNull.php(31): Illuminate\\Foundation\\Http\\Middleware\\TransformsRequest->handle(Object(Illuminate\\Http\\Request), Object(Closure))
#29 /Users/eticajans/Desktop/Etic Ajans/Projeler/Mobil Uygulama/Emlak Script/vendor/laravel/framework/src/Illuminate/Pipeline/Pipeline.php(209): Illuminate\\Foundation\\Http\\Middleware\\ConvertEmptyStringsToNull->handle(Object(Illuminate\\Http\\Request), Object(Closure))
#30 /Users/eticajans/Desktop/Etic Ajans/Projeler/Mobil Uygulama/Emlak Script/vendor/laravel/framework/src/Illuminate/Foundation/Http/Middleware/TransformsRequest.php(21): Illuminate\\Pipeline\\Pipeline->Illuminate\\Pipeline\\{closure}(Object(Illuminate\\Http\\Request))
#31 /Users/eticajans/Desktop/Etic Ajans/Projeler/Mobil Uygulama/Emlak Script/vendor/laravel/framework/src/Illuminate/Foundation/Http/Middleware/TrimStrings.php(51): Illuminate\\Foundation\\Http\\Middleware\\TransformsRequest->handle(Object(Illuminate\\Http\\Request), Object(Closure))
#32 /Users/eticajans/Desktop/Etic Ajans/Projeler/Mobil Uygulama/Emlak Script/vendor/laravel/framework/src/Illuminate/Pipeline/Pipeline.php(209): Illuminate\\Foundation\\Http\\Middleware\\TrimStrings->handle(Object(Illuminate\\Http\\Request), Object(Closure))
#33 /Users/eticajans/Desktop/Etic Ajans/Projeler/Mobil Uygulama/Emlak Script/vendor/laravel/framework/src/Illuminate/Http/Middleware/ValidatePostSize.php(27): Illuminate\\Pipeline\\Pipeline->Illuminate\\Pipeline\\{closure}(Object(Illuminate\\Http\\Request))
#34 /Users/eticajans/Desktop/Etic Ajans/Projeler/Mobil Uygulama/Emlak Script/vendor/laravel/framework/src/Illuminate/Pipeline/Pipeline.php(209): Illuminate\\Http\\Middleware\\ValidatePostSize->handle(Object(Illuminate\\Http\\Request), Object(Closure))
#35 /Users/eticajans/Desktop/Etic Ajans/Projeler/Mobil Uygulama/Emlak Script/vendor/laravel/framework/src/Illuminate/Foundation/Http/Middleware/PreventRequestsDuringMaintenance.php(110): Illuminate\\Pipeline\\Pipeline->Illuminate\\Pipeline\\{closure}(Object(Illuminate\\Http\\Request))
#36 /Users/eticajans/Desktop/Etic Ajans/Projeler/Mobil Uygulama/Emlak Script/vendor/laravel/framework/src/Illuminate/Pipeline/Pipeline.php(209): Illuminate\\Foundation\\Http\\Middleware\\PreventRequestsDuringMaintenance->handle(Object(Illuminate\\Http\\Request), Object(Closure))
#37 /Users/eticajans/Desktop/Etic Ajans/Projeler/Mobil Uygulama/Emlak Script/vendor/laravel/framework/src/Illuminate/Http/Middleware/HandleCors.php(49): Illuminate\\Pipeline\\Pipeline->Illuminate\\Pipeline\\{closure}(Object(Illuminate\\Http\\Request))
#38 /Users/eticajans/Desktop/Etic Ajans/Projeler/Mobil Uygulama/Emlak Script/vendor/laravel/framework/src/Illuminate/Pipeline/Pipeline.php(209): Illuminate\\Http\\Middleware\\HandleCors->handle(Object(Illuminate\\Http\\Request), Object(Closure))
#39 /Users/eticajans/Desktop/Etic Ajans/Projeler/Mobil Uygulama/Emlak Script/vendor/laravel/framework/src/Illuminate/Http/Middleware/TrustProxies.php(58): Illuminate\\Pipeline\\Pipeline->Illuminate\\Pipeline\\{closure}(Object(Illuminate\\Http\\Request))
#40 /Users/eticajans/Desktop/Etic Ajans/Projeler/Mobil Uygulama/Emlak Script/vendor/laravel/framework/src/Illuminate/Pipeline/Pipeline.php(209): Illuminate\\Http\\Middleware\\TrustProxies->handle(Object(Illuminate\\Http\\Request), Object(Closure))
#41 /Users/eticajans/Desktop/Etic Ajans/Projeler/Mobil Uygulama/Emlak Script/vendor/laravel/framework/src/Illuminate/Foundation/Http/Middleware/InvokeDeferredCallbacks.php(22): Illuminate\\Pipeline\\Pipeline->Illuminate\\Pipeline\\{closure}(Object(Illuminate\\Http\\Request))
#42 /Users/eticajans/Desktop/Etic Ajans/Projeler/Mobil Uygulama/Emlak Script/vendor/laravel/framework/src/Illuminate/Pipeline/Pipeline.php(209): Illuminate\\Foundation\\Http\\Middleware\\InvokeDeferredCallbacks->handle(Object(Illuminate\\Http\\Request), Object(Closure))
#43 /Users/eticajans/Desktop/Etic Ajans/Projeler/Mobil Uygulama/Emlak Script/vendor/laravel/framework/src/Illuminate/Pipeline/Pipeline.php(127): Illuminate\\Pipeline\\Pipeline->Illuminate\\Pipeline\\{closure}(Object(Illuminate\\Http\\Request))
#44 /Users/eticajans/Desktop/Etic Ajans/Projeler/Mobil Uygulama/Emlak Script/vendor/laravel/framework/src/Illuminate/Foundation/Http/Kernel.php(176): Illuminate\\Pipeline\\Pipeline->then(Object(Closure))
#45 /Users/eticajans/Desktop/Etic Ajans/Projeler/Mobil Uygulama/Emlak Script/vendor/laravel/framework/src/Illuminate/Foundation/Http/Kernel.php(145): Illuminate\\Foundation\\Http\\Kernel->sendRequestThroughRouter(Object(Illuminate\\Http\\Request))
#46 /Users/eticajans/Desktop/Etic Ajans/Projeler/Mobil Uygulama/Emlak Script/vendor/laravel/framework/src/Illuminate/Foundation/Application.php(1220): Illuminate\\Foundation\\Http\\Kernel->handle(Object(Illuminate\\Http\\Request))
#47 /Users/eticajans/Desktop/Etic Ajans/Projeler/Mobil Uygulama/Emlak Script/public/index.php(17): Illuminate\\Foundation\\Application->handleRequest(Object(Illuminate\\Http\\Request))
#48 /Users/eticajans/Desktop/Etic Ajans/Projeler/Mobil Uygulama/Emlak Script/vendor/laravel/framework/src/Illuminate/Foundation/resources/server.php(23): require_once('/Users/eticajan...')
#49 {main}
"} 
